<?xml version="1.0" encoding="UTF-8"?>
<testng-results skipped="0" failed="0" total="1" passed="1">
  <reporter-output>
  </reporter-output>
  <suite name="Command line suite" duration-ms="30" started-at="2015-09-22T15:39:19Z" finished-at="2015-09-22T15:39:19Z">
    <groups>
    </groups>
    <test name="Command line test" duration-ms="30" started-at="2015-09-22T15:39:19Z" finished-at="2015-09-22T15:39:19Z">
      <class name="discuss.AppTest">
        <test-method status="PASS" signature="testApp()[pri:0, instance:testApp(discuss.AppTest)]" name="testApp" duration-ms="1" started-at="2015-09-22T17:39:19Z" finished-at="2015-09-22T17:39:19Z">
          <reporter-output>
          </reporter-output>
        </test-method> <!-- testApp -->
      </class> <!-- discuss.AppTest -->
    </test> <!-- Command line test -->
  </suite> <!-- Command line suite -->
</testng-results>
