<?xml version="1.0" encoding="UTF-8"?>
<!-- Generated by org.testng.reporters.JUnitXMLReporter -->
<testsuite hostname="student-virtual-machine" name="Command line test" tests="51" failures="0" timestamp="22 Sep 2015 15:39:19 GMT" time="4.771" errors="0">
  <testcase name="@BeforeClass springTestContextPrepareTestInstance" time="0.0" classname="discuss.repositories.BeekeeperCrudTest">
    <failure type="java.lang.IllegalStateException" message="Failed to load ApplicationContext">
      <![CDATA[java.lang.IllegalStateException: Failed to load ApplicationContext
	at org.springframework.test.context.DefaultCacheAwareContextLoaderDelegate.loadContext(DefaultCacheAwareContextLoaderDelegate.java:94)
	at org.springframework.test.context.DefaultTestContext.getApplicationContext(DefaultTestContext.java:72)
	at org.springframework.test.context.web.ServletTestExecutionListener.setUpRequestContextIfNecessary(ServletTestExecutionListener.java:170)
	at org.springframework.test.context.web.ServletTestExecutionListener.prepareTestInstance(ServletTestExecutionListener.java:110)
	at org.springframework.test.context.TestContextManager.prepareTestInstance(TestContextManager.java:212)
	at org.springframework.test.context.testng.AbstractTestNGSpringContextTests.springTestContextPrepareTestInstance(AbstractTestNGSpringContextTests.java:145)
Caused by: org.springframework.beans.factory.BeanCreationException: Error creating bean with name 'requestMappingHandlerMapping' defined in class org.springframework.web.servlet.config.annotation.DelegatingWebMvcConfiguration: Bean instantiation via factory method failed; nested exception is org.springframework.beans.BeanInstantiationException: Failed to instantiate [org.springframework.web.servlet.mvc.method.annotation.RequestMappingHandlerMapping]: Factory method 'requestMappingHandlerMapping' threw exception; nested exception is org.springframework.beans.factory.BeanCreationException: Error creating bean with name 'mvcConversionService' defined in class org.springframework.web.servlet.config.annotation.DelegatingWebMvcConfiguration: Bean instantiation via factory method failed; nested exception is org.springframework.beans.BeanInstantiationException: Failed to instantiate [org.springframework.format.support.FormattingConversionService]: Factory method 'mvcConversionService' threw exception; nested exception is org.springframework.beans.factory.BeanCreationException: Error creating bean with name 'beekeeperRepository': Invocation of init method failed; nested exception is org.springframework.data.mapping.PropertyReferenceException: No property code found for type Beekeeper!
	at org.springframework.beans.factory.support.ConstructorResolver.instantiateUsingFactoryMethod(ConstructorResolver.java:599)
	at org.springframework.beans.factory.support.AbstractAutowireCapableBeanFactory.instantiateUsingFactoryMethod(AbstractAutowireCapableBeanFactory.java:1119)
	at org.springframework.beans.factory.support.AbstractAutowireCapableBeanFactory.createBeanInstance(AbstractAutowireCapableBeanFactory.java:1014)
	at org.springframework.beans.factory.support.AbstractAutowireCapableBeanFactory.doCreateBean(AbstractAutowireCapableBeanFactory.java:504)
	at org.springframework.beans.factory.support.AbstractAutowireCapableBeanFactory.createBean(AbstractAutowireCapableBeanFactory.java:476)
	at org.springframework.beans.factory.support.AbstractBeanFactory$1.getObject(AbstractBeanFactory.java:303)
	at org.springframework.beans.factory.support.DefaultSingletonBeanRegistry.getSingleton(DefaultSingletonBeanRegistry.java:230)
	at org.springframework.beans.factory.support.AbstractBeanFactory.doGetBean(AbstractBeanFactory.java:299)
	at org.springframework.beans.factory.support.AbstractBeanFactory.getBean(AbstractBeanFactory.java:194)
	at org.springframework.beans.factory.support.DefaultListableBeanFactory.preInstantiateSingletons(DefaultListableBeanFactory.java:755)
	at org.springframework.context.support.AbstractApplicationContext.finishBeanFactoryInitialization(AbstractApplicationContext.java:757)
	at org.springframework.context.support.AbstractApplicationContext.refresh(AbstractApplicationContext.java:480)
	at org.springframework.boot.SpringApplication.refresh(SpringApplication.java:686)
	at org.springframework.boot.SpringApplication.run(SpringApplication.java:320)
	at org.springframework.boot.test.SpringApplicationContextLoader.loadContext(SpringApplicationContextLoader.java:101)
	at org.springframework.test.context.DefaultCacheAwareContextLoaderDelegate.loadContextInternal(DefaultCacheAwareContextLoaderDelegate.java:68)
	at org.springframework.test.context.DefaultCacheAwareContextLoaderDelegate.loadContext(DefaultCacheAwareContextLoaderDelegate.java:86)
	... 39 more
Caused by: org.springframework.beans.BeanInstantiationException: Failed to instantiate [org.springframework.web.servlet.mvc.method.annotation.RequestMappingHandlerMapping]: Factory method 'requestMappingHandlerMapping' threw exception; nested exception is org.springframework.beans.factory.BeanCreationException: Error creating bean with name 'mvcConversionService' defined in class org.springframework.web.servlet.config.annotation.DelegatingWebMvcConfiguration: Bean instantiation via factory method failed; nested exception is org.springframework.beans.BeanInstantiationException: Failed to instantiate [org.springframework.format.support.FormattingConversionService]: Factory method 'mvcConversionService' threw exception; nested exception is org.springframework.beans.factory.BeanCreationException: Error creating bean with name 'beekeeperRepository': Invocation of init method failed; nested exception is org.springframework.data.mapping.PropertyReferenceException: No property code found for type Beekeeper!
	at org.springframework.beans.factory.support.SimpleInstantiationStrategy.instantiate(SimpleInstantiationStrategy.java:189)
	at org.springframework.beans.factory.support.ConstructorResolver.instantiateUsingFactoryMethod(ConstructorResolver.java:588)
	... 55 more
Caused by: org.springframework.beans.factory.BeanCreationException: Error creating bean with name 'mvcConversionService' defined in class org.springframework.web.servlet.config.annotation.DelegatingWebMvcConfiguration: Bean instantiation via factory method failed; nested exception is org.springframework.beans.BeanInstantiationException: Failed to instantiate [org.springframework.format.support.FormattingConversionService]: Factory method 'mvcConversionService' threw exception; nested exception is org.springframework.beans.factory.BeanCreationException: Error creating bean with name 'beekeeperRepository': Invocation of init method failed; nested exception is org.springframework.data.mapping.PropertyReferenceException: No property code found for type Beekeeper!
	at org.springframework.beans.factory.support.ConstructorResolver.instantiateUsingFactoryMethod(ConstructorResolver.java:599)
	at org.springframework.beans.factory.support.AbstractAutowireCapableBeanFactory.instantiateUsingFactoryMethod(AbstractAutowireCapableBeanFactory.java:1119)
	at org.springframework.beans.factory.support.AbstractAutowireCapableBeanFactory.createBeanInstance(AbstractAutowireCapableBeanFactory.java:1014)
	at org.springframework.beans.factory.support.AbstractAutowireCapableBeanFactory.doCreateBean(AbstractAutowireCapableBeanFactory.java:504)
	at org.springframework.beans.factory.support.AbstractAutowireCapableBeanFactory.createBean(AbstractAutowireCapableBeanFactory.java:476)
	at org.springframework.beans.factory.support.AbstractBeanFactory$1.getObject(AbstractBeanFactory.java:303)
	at org.springframework.beans.factory.support.DefaultSingletonBeanRegistry.getSingleton(DefaultSingletonBeanRegistry.java:230)
	at org.springframework.beans.factory.support.AbstractBeanFactory.doGetBean(AbstractBeanFactory.java:299)
	at org.springframework.beans.factory.support.AbstractBeanFactory.getBean(AbstractBeanFactory.java:194)
	at org.springframework.context.annotation.ConfigurationClassEnhancer$BeanMethodInterceptor.intercept(ConfigurationClassEnhancer.java:322)
	at org.springframework.web.servlet.config.annotation.DelegatingWebMvcConfiguration$$EnhancerBySpringCGLIB$$979b0389.mvcConversionService(<generated>)
	at org.springframework.web.servlet.config.annotation.WebMvcConfigurationSupport.getInterceptors(WebMvcConfigurationSupport.java:260)
	at org.springframework.web.servlet.config.annotation.WebMvcConfigurationSupport.requestMappingHandlerMapping(WebMvcConfigurationSupport.java:228)
	at org.springframework.web.servlet.config.annotation.DelegatingWebMvcConfiguration$$EnhancerBySpringCGLIB$$979b0389.CGLIB$requestMappingHandlerMapping$17(<generated>)
	at org.springframework.web.servlet.config.annotation.DelegatingWebMvcConfiguration$$EnhancerBySpringCGLIB$$979b0389$$FastClassBySpringCGLIB$$8bc5a953.invoke(<generated>)
	at org.springframework.cglib.proxy.MethodProxy.invokeSuper(MethodProxy.java:228)
	at org.springframework.context.annotation.ConfigurationClassEnhancer$BeanMethodInterceptor.intercept(ConfigurationClassEnhancer.java:309)
	at org.springframework.web.servlet.config.annotation.DelegatingWebMvcConfiguration$$EnhancerBySpringCGLIB$$979b0389.requestMappingHandlerMapping(<generated>)
	at org.springframework.beans.factory.support.SimpleInstantiationStrategy.instantiate(SimpleInstantiationStrategy.java:162)
	... 56 more
Caused by: org.springframework.beans.BeanInstantiationException: Failed to instantiate [org.springframework.format.support.FormattingConversionService]: Factory method 'mvcConversionService' threw exception; nested exception is org.springframework.beans.factory.BeanCreationException: Error creating bean with name 'beekeeperRepository': Invocation of init method failed; nested exception is org.springframework.data.mapping.PropertyReferenceException: No property code found for type Beekeeper!
	at org.springframework.beans.factory.support.SimpleInstantiationStrategy.instantiate(SimpleInstantiationStrategy.java:189)
	at org.springframework.beans.factory.support.ConstructorResolver.instantiateUsingFactoryMethod(ConstructorResolver.java:588)
	... 78 more
Caused by: org.springframework.beans.factory.BeanCreationException: Error creating bean with name 'beekeeperRepository': Invocation of init method failed; nested exception is org.springframework.data.mapping.PropertyReferenceException: No property code found for type Beekeeper!
	at org.springframework.beans.factory.support.AbstractAutowireCapableBeanFactory.initializeBean(AbstractAutowireCapableBeanFactory.java:1574)
	at org.springframework.beans.factory.support.AbstractAutowireCapableBeanFactory.doCreateBean(AbstractAutowireCapableBeanFactory.java:539)
	at org.springframework.beans.factory.support.AbstractAutowireCapableBeanFactory.createBean(AbstractAutowireCapableBeanFactory.java:476)
	at org.springframework.beans.factory.support.AbstractBeanFactory$1.getObject(AbstractBeanFactory.java:303)
	at org.springframework.beans.factory.support.DefaultSingletonBeanRegistry.getSingleton(DefaultSingletonBeanRegistry.java:230)
	at org.springframework.beans.factory.support.AbstractBeanFactory.doGetBean(AbstractBeanFactory.java:299)
	at org.springframework.beans.factory.support.AbstractBeanFactory.getBean(AbstractBeanFactory.java:199)
	at org.springframework.context.support.AbstractApplicationContext.getBean(AbstractApplicationContext.java:962)
	at org.springframework.data.repository.support.Repositories.populateRepositoryFactoryInformation(Repositories.java:93)
	at org.springframework.data.repository.support.Repositories.<init>(Repositories.java:84)
	at org.springframework.data.repository.support.DomainClassConverter.setApplicationContext(DomainClassConverter.java:105)
	at org.springframework.data.web.config.SpringDataWebConfiguration.registerDomainClassConverterFor(SpringDataWebConfiguration.java:80)
	at org.springframework.data.web.config.SpringDataWebConfiguration.addFormatters(SpringDataWebConfiguration.java:73)
	at org.springframework.web.servlet.config.annotation.WebMvcConfigurerComposite.addFormatters(WebMvcConfigurerComposite.java:49)
	at org.springframework.web.servlet.config.annotation.DelegatingWebMvcConfiguration.addFormatters(DelegatingWebMvcConfiguration.java:117)
	at org.springframework.web.servlet.config.annotation.WebMvcConfigurationSupport.mvcConversionService(WebMvcConfigurationSupport.java:506)
	at org.springframework.web.servlet.config.annotation.DelegatingWebMvcConfiguration$$EnhancerBySpringCGLIB$$979b0389.CGLIB$mvcConversionService$28(<generated>)
	at org.springframework.web.servlet.config.annotation.DelegatingWebMvcConfiguration$$EnhancerBySpringCGLIB$$979b0389$$FastClassBySpringCGLIB$$8bc5a953.invoke(<generated>)
	at org.springframework.cglib.proxy.MethodProxy.invokeSuper(MethodProxy.java:228)
	at org.springframework.context.annotation.ConfigurationClassEnhancer$BeanMethodInterceptor.intercept(ConfigurationClassEnhancer.java:309)
	at org.springframework.web.servlet.config.annotation.DelegatingWebMvcConfiguration$$EnhancerBySpringCGLIB$$979b0389.mvcConversionService(<generated>)
	at org.springframework.beans.factory.support.SimpleInstantiationStrategy.instantiate(SimpleInstantiationStrategy.java:162)
	... 79 more
Caused by: org.springframework.data.mapping.PropertyReferenceException: No property code found for type Beekeeper!
	at org.springframework.data.mapping.PropertyPath.<init>(PropertyPath.java:75)
	at org.springframework.data.mapping.PropertyPath.create(PropertyPath.java:327)
	at org.springframework.data.mapping.PropertyPath.create(PropertyPath.java:307)
	at org.springframework.data.mapping.PropertyPath.from(PropertyPath.java:270)
	at org.springframework.data.mapping.PropertyPath.from(PropertyPath.java:241)
	at org.springframework.data.repository.query.parser.Part.<init>(Part.java:76)
	at org.springframework.data.repository.query.parser.PartTree$OrPart.<init>(PartTree.java:235)
	at org.springframework.data.repository.query.parser.PartTree$Predicate.buildTree(PartTree.java:373)
	at org.springframework.data.repository.query.parser.PartTree$Predicate.<init>(PartTree.java:353)
	at org.springframework.data.repository.query.parser.PartTree.<init>(PartTree.java:87)
	at org.springframework.data.jpa.repository.query.PartTreeJpaQuery.<init>(PartTreeJpaQuery.java:61)
	at org.springframework.data.jpa.repository.query.JpaQueryLookupStrategy$CreateQueryLookupStrategy.resolveQuery(JpaQueryLookupStrategy.java:94)
	at org.springframework.data.jpa.repository.query.JpaQueryLookupStrategy$CreateIfNotFoundQueryLookupStrategy.resolveQuery(JpaQueryLookupStrategy.java:205)
	at org.springframework.data.jpa.repository.query.JpaQueryLookupStrategy$AbstractQueryLookupStrategy.resolveQuery(JpaQueryLookupStrategy.java:72)
	at org.springframework.data.repository.core.support.RepositoryFactorySupport$QueryExecutorMethodInterceptor.<init>(RepositoryFactorySupport.java:349)
	at org.springframework.data.repository.core.support.RepositoryFactorySupport.getRepository(RepositoryFactorySupport.java:187)
	at org.springframework.data.repository.core.support.RepositoryFactoryBeanSupport.initAndReturn(RepositoryFactoryBeanSupport.java:239)
	at org.springframework.data.repository.core.support.RepositoryFactoryBeanSupport.afterPropertiesSet(RepositoryFactoryBeanSupport.java:225)
	at org.springframework.data.jpa.repository.support.JpaRepositoryFactoryBean.afterPropertiesSet(JpaRepositoryFactoryBean.java:92)
	at org.springframework.beans.factory.support.AbstractAutowireCapableBeanFactory.invokeInitMethods(AbstractAutowireCapableBeanFactory.java:1633)
	at org.springframework.beans.factory.support.AbstractAutowireCapableBeanFactory.initializeBean(AbstractAutowireCapableBeanFactory.java:1570)
	... 104 more
... Removed 42 stack frames]]>
    </failure>
  </testcase> <!-- @BeforeClass springTestContextPrepareTestInstance -->
  <testcase name="@BeforeMethod springTestContextBeforeTestMethod" time="0.0" classname="discuss.repositories.BeekeeperCrudTest">
    <skipped/>
  </testcase> <!-- @BeforeMethod springTestContextBeforeTestMethod -->
  <testcase name="@BeforeClass springTestContextBeforeTestClass" time="0.0" classname="discuss.repositories.BucketCrudTest">
    <skipped/>
  </testcase> <!-- @BeforeClass springTestContextBeforeTestClass -->
  <testcase name="@BeforeClass springTestContextPrepareTestInstance" time="0.0" classname="discuss.repositories.BucketCrudTest">
    <skipped/>
  </testcase> <!-- @BeforeClass springTestContextPrepareTestInstance -->
  <testcase name="@BeforeMethod springTestContextBeforeTestMethod" time="0.0" classname="discuss.repositories.BucketCrudTest">
    <skipped/>
  </testcase> <!-- @BeforeMethod springTestContextBeforeTestMethod -->
  <testcase name="@BeforeClass springTestContextBeforeTestClass" time="0.0" classname="discuss.repositories.CustomerCrudTest">
    <skipped/>
  </testcase> <!-- @BeforeClass springTestContextBeforeTestClass -->
  <testcase name="@BeforeClass springTestContextPrepareTestInstance" time="0.0" classname="discuss.repositories.CustomerCrudTest">
    <skipped/>
  </testcase> <!-- @BeforeClass springTestContextPrepareTestInstance -->
  <testcase name="@BeforeMethod springTestContextBeforeTestMethod" time="0.0" classname="discuss.repositories.CustomerCrudTest">
    <skipped/>
  </testcase> <!-- @BeforeMethod springTestContextBeforeTestMethod -->
  <testcase name="@BeforeClass springTestContextBeforeTestClass" time="0.0" classname="discuss.repositories.HarvestCrudTest">
    <skipped/>
  </testcase> <!-- @BeforeClass springTestContextBeforeTestClass -->
  <testcase name="@BeforeClass springTestContextPrepareTestInstance" time="0.0" classname="discuss.repositories.HarvestCrudTest">
    <skipped/>
  </testcase> <!-- @BeforeClass springTestContextPrepareTestInstance -->
  <testcase name="@BeforeMethod springTestContextBeforeTestMethod" time="0.0" classname="discuss.repositories.HarvestCrudTest">
    <skipped/>
  </testcase> <!-- @BeforeMethod springTestContextBeforeTestMethod -->
  <testcase name="@BeforeClass springTestContextBeforeTestClass" time="0.0" classname="discuss.repositories.HiveCrudTest">
    <skipped/>
  </testcase> <!-- @BeforeClass springTestContextBeforeTestClass -->
  <testcase name="@BeforeClass springTestContextPrepareTestInstance" time="0.0" classname="discuss.repositories.HiveCrudTest">
    <skipped/>
  </testcase> <!-- @BeforeClass springTestContextPrepareTestInstance -->
  <testcase name="@BeforeMethod springTestContextBeforeTestMethod" time="0.0" classname="discuss.repositories.HiveCrudTest">
    <skipped/>
  </testcase> <!-- @BeforeMethod springTestContextBeforeTestMethod -->
  <testcase name="@BeforeClass springTestContextBeforeTestClass" time="0.0" classname="discuss.repositories.LocationCrudTest">
    <skipped/>
  </testcase> <!-- @BeforeClass springTestContextBeforeTestClass -->
  <testcase name="@BeforeClass springTestContextPrepareTestInstance" time="0.0" classname="discuss.repositories.LocationCrudTest">
    <skipped/>
  </testcase> <!-- @BeforeClass springTestContextPrepareTestInstance -->
  <testcase name="@BeforeMethod springTestContextBeforeTestMethod" time="0.0" classname="discuss.repositories.LocationCrudTest">
    <skipped/>
  </testcase> <!-- @BeforeMethod springTestContextBeforeTestMethod -->
  <testcase name="@BeforeClass springTestContextBeforeTestClass" time="0.0" classname="discuss.repositories.SalesCrudTest">
    <skipped/>
  </testcase> <!-- @BeforeClass springTestContextBeforeTestClass -->
  <testcase name="@BeforeClass springTestContextPrepareTestInstance" time="0.0" classname="discuss.repositories.SalesCrudTest">
    <skipped/>
  </testcase> <!-- @BeforeClass springTestContextPrepareTestInstance -->
  <testcase name="@BeforeMethod springTestContextBeforeTestMethod" time="0.0" classname="discuss.repositories.SalesCrudTest">
    <skipped/>
  </testcase> <!-- @BeforeMethod springTestContextBeforeTestMethod -->
  <testcase name="@BeforeClass springTestContextBeforeTestClass" time="0.0" classname="discuss.repositories.SubLocationCrudTest">
    <skipped/>
  </testcase> <!-- @BeforeClass springTestContextBeforeTestClass -->
  <testcase name="@BeforeClass springTestContextPrepareTestInstance" time="0.0" classname="discuss.repositories.SubLocationCrudTest">
    <skipped/>
  </testcase> <!-- @BeforeClass springTestContextPrepareTestInstance -->
  <testcase name="@BeforeMethod springTestContextBeforeTestMethod" time="0.0" classname="discuss.repositories.SubLocationCrudTest">
    <skipped/>
  </testcase> <!-- @BeforeMethod springTestContextBeforeTestMethod -->
  <testcase name="@BeforeClass springTestContextBeforeTestClass" time="0.0" classname="discuss.repositories.SuperCrudTest">
    <skipped/>
  </testcase> <!-- @BeforeClass springTestContextBeforeTestClass -->
  <testcase name="@BeforeClass springTestContextPrepareTestInstance" time="0.0" classname="discuss.repositories.SuperCrudTest">
    <skipped/>
  </testcase> <!-- @BeforeClass springTestContextPrepareTestInstance -->
  <testcase name="@BeforeMethod springTestContextBeforeTestMethod" time="0.0" classname="discuss.repositories.SuperCrudTest">
    <skipped/>
  </testcase> <!-- @BeforeMethod springTestContextBeforeTestMethod -->
  <testcase name="create" time="0.0" classname="discuss.repositories.BeekeeperCrudTest">
    <skipped/>
  </testcase> <!-- create -->
  <testcase name="testCreate" time="0.002" classname="discuss.factories.BeekeeperFactoryTest"/>
  <testcase name="testUpdate" time="0.001" classname="discuss.factories.BeekeeperFactoryTest"/>
  <testcase name="create" time="0.0" classname="discuss.repositories.BucketCrudTest">
    <skipped/>
  </testcase> <!-- create -->
  <testcase name="testCreate" time="0.001" classname="discuss.factories.BucketFactoryTest"/>
  <testcase name="testUpdate" time="0.0" classname="discuss.factories.BucketFactoryTest"/>
  <testcase name="create" time="0.0" classname="discuss.repositories.CustomerCrudTest">
    <skipped/>
  </testcase> <!-- create -->
  <testcase name="testCreate" time="0.001" classname="discuss.factories.CustomerFactoryTest"/>
  <testcase name="testUpdate" time="0.0" classname="discuss.factories.CustomerFactoryTest"/>
  <testcase name="create" time="0.0" classname="discuss.repositories.HarvestCrudTest">
    <skipped/>
  </testcase> <!-- create -->
  <testcase name="testCreate" time="0.0" classname="discuss.factories.HarvestFactoryTest"/>
  <testcase name="testUpdate" time="0.0" classname="discuss.factories.HarvestFactoryTest"/>
  <testcase name="create" time="0.0" classname="discuss.repositories.HiveCrudTest">
    <skipped/>
  </testcase> <!-- create -->
  <testcase name="testCreate" time="0.0" classname="discuss.factories.HiveFactoryTest"/>
  <testcase name="testUpdate" time="0.0" classname="discuss.factories.HiveFactoryTest"/>
  <testcase name="create" time="0.001" classname="discuss.repositories.LocationCrudTest">
    <skipped/>
  </testcase> <!-- create -->
  <testcase name="testCreate" time="0.0" classname="discuss.factories.LocationFactoryTest"/>
  <testcase name="testUpdate" time="0.001" classname="discuss.factories.LocationFactoryTest"/>
  <testcase name="create" time="0.0" classname="discuss.repositories.SalesCrudTest">
    <skipped/>
  </testcase> <!-- create -->
  <testcase name="testCreate" time="0.0" classname="discuss.factories.SalesFactoryTest"/>
  <testcase name="testUpdate" time="0.0" classname="discuss.factories.SalesFactoryTest"/>
  <testcase name="create" time="0.0" classname="discuss.repositories.SubLocationCrudTest">
    <skipped/>
  </testcase> <!-- create -->
  <testcase name="testCreate" time="0.0" classname="discuss.factories.SubLocationFactoryTest"/>
  <testcase name="testUpdate" time="0.0" classname="discuss.factories.SubLocationFactoryTest"/>
  <testcase name="create" time="0.0" classname="discuss.repositories.SuperCrudTest">
    <skipped/>
  </testcase> <!-- create -->
  <testcase name="testCreate" time="0.0" classname="discuss.factories.SuperFactoryTest"/>
  <testcase name="testUpdate" time="0.0" classname="discuss.factories.SuperFactoryTest"/>
  <testcase name="read" time="0.0" classname="discuss.repositories.BucketCrudTest">
    <skipped/>
  </testcase> <!-- read -->
  <testcase name="read" time="0.0" classname="discuss.repositories.CustomerCrudTest">
    <skipped/>
  </testcase> <!-- read -->
  <testcase name="read" time="0.0" classname="discuss.repositories.HarvestCrudTest">
    <skipped/>
  </testcase> <!-- read -->
  <testcase name="read" time="0.0" classname="discuss.repositories.HiveCrudTest">
    <skipped/>
  </testcase> <!-- read -->
  <testcase name="read" time="0.0" classname="discuss.repositories.LocationCrudTest">
    <skipped/>
  </testcase> <!-- read -->
  <testcase name="read" time="0.0" classname="discuss.repositories.SalesCrudTest">
    <skipped/>
  </testcase> <!-- read -->
  <testcase name="read" time="0.0" classname="discuss.repositories.SubLocationCrudTest">
    <skipped/>
  </testcase> <!-- read -->
  <testcase name="read" time="0.0" classname="discuss.repositories.SuperCrudTest">
    <skipped/>
  </testcase> <!-- read -->
  <testcase name="update" time="0.0" classname="discuss.repositories.BucketCrudTest">
    <skipped/>
  </testcase> <!-- update -->
  <testcase name="update" time="0.0" classname="discuss.repositories.CustomerCrudTest">
    <skipped/>
  </testcase> <!-- update -->
  <testcase name="update" time="0.0" classname="discuss.repositories.HarvestCrudTest">
    <skipped/>
  </testcase> <!-- update -->
  <testcase name="update" time="0.0" classname="discuss.repositories.HiveCrudTest">
    <skipped/>
  </testcase> <!-- update -->
  <testcase name="update" time="0.0" classname="discuss.repositories.LocationCrudTest">
    <skipped/>
  </testcase> <!-- update -->
  <testcase name="update" time="0.0" classname="discuss.repositories.SalesCrudTest">
    <skipped/>
  </testcase> <!-- update -->
  <testcase name="update" time="0.0" classname="discuss.repositories.SubLocationCrudTest">
    <skipped/>
  </testcase> <!-- update -->
  <testcase name="update" time="0.0" classname="discuss.repositories.SuperCrudTest">
    <skipped/>
  </testcase> <!-- update -->
  <testcase name="delete" time="0.0" classname="discuss.repositories.BucketCrudTest">
    <skipped/>
  </testcase> <!-- delete -->
  <testcase name="delete" time="0.0" classname="discuss.repositories.CustomerCrudTest">
    <skipped/>
  </testcase> <!-- delete -->
  <testcase name="delete" time="0.0" classname="discuss.repositories.HarvestCrudTest">
    <skipped/>
  </testcase> <!-- delete -->
  <testcase name="delete" time="0.0" classname="discuss.repositories.HiveCrudTest">
    <skipped/>
  </testcase> <!-- delete -->
  <testcase name="delete" time="0.0" classname="discuss.repositories.LocationCrudTest">
    <skipped/>
  </testcase> <!-- delete -->
  <testcase name="delete" time="0.0" classname="discuss.repositories.SalesCrudTest">
    <skipped/>
  </testcase> <!-- delete -->
  <testcase name="delete" time="0.0" classname="discuss.repositories.SubLocationCrudTest">
    <skipped/>
  </testcase> <!-- delete -->
  <testcase name="delete" time="0.0" classname="discuss.repositories.SuperCrudTest">
    <skipped/>
  </testcase> <!-- delete -->
</testsuite> <!-- Command line test -->
