<?xml version="1.0" encoding="UTF-8" ?>
<testsuite failures="1" time="6.253" errors="0" skipped="58" tests="78" name="TestSuite">
  <properties>
[...]
</properties>
  <testcase time="0" classname="discuss.repositories.BeekeeperCrudTest" name="springTestContextPrepareTestInstance">
    <failure message="Failed to load ApplicationContext" type="java.lang.IllegalStateException">java.lang.IllegalStateException: Failed to load ApplicationContext
	at org.springframework.test.context.DefaultCacheAwareContextLoaderDelegate.loadContext(DefaultCacheAwareContextLoaderDelegate.java:94)
	at org.springframework.test.context.DefaultTestContext.getApplicationContext(DefaultTestContext.java:72)
	at org.springframework.test.context.web.ServletTestExecutionListener.setUpRequestContextIfNecessary(ServletTestExecutionListener.java:170)
	at org.springframework.test.context.web.ServletTestExecutionListener.prepareTestInstance(ServletTestExecutionListener.java:110)
	at org.springframework.test.context.TestContextManager.prepareTestInstance(TestContextManager.java:212)
	at org.springframework.test.context.testng.AbstractTestNGSpringContextTests.springTestContextPrepareTestInstance(AbstractTestNGSpringContextTests.java:145)
	at sun.reflect.NativeMethodAccessorImpl.invoke0(Native Method)
	at sun.reflect.NativeMethodAccessorImpl.invoke(NativeMethodAccessorImpl.java:57)
	at sun.reflect.DelegatingMethodAccessorImpl.invoke(DelegatingMethodAccessorImpl.java:43)
	at java.lang.reflect.Method.invoke(Method.java:606)
	at org.testng.internal.MethodInvocationHelper.invokeMethod(MethodInvocationHelper.java:85)
	at org.testng.internal.Invoker.invokeConfigurationMethod(Invoker.java:552)
	at org.testng.internal.Invoker.invokeConfigurations(Invoker.java:215)
	at org.testng.internal.Invoker.invokeConfigurations(Invoker.java:140)
	at org.testng.internal.TestMethodWorker.invokeBeforeClassMethods(TestMethodWorker.java:170)
	at org.testng.internal.TestMethodWorker.run(TestMethodWorker.java:104)
	at org.testng.TestRunner.privateRun(TestRunner.java:767)
	at org.testng.TestRunner.run(TestRunner.java:617)
	at org.testng.SuiteRunner.runTest(SuiteRunner.java:348)
	at org.testng.SuiteRunner.runSequentially(SuiteRunner.java:343)
	at org.testng.SuiteRunner.privateRun(SuiteRunner.java:305)
	at org.testng.SuiteRunner.run(SuiteRunner.java:254)
	at org.testng.SuiteRunnerWorker.runSuite(SuiteRunnerWorker.java:52)
	at org.testng.SuiteRunnerWorker.run(SuiteRunnerWorker.java:86)
	at org.testng.TestNG.runSuitesSequentially(TestNG.java:1224)
	at org.testng.TestNG.runSuitesLocally(TestNG.java:1149)
	at org.testng.TestNG.run(TestNG.java:1057)
	at org.apache.maven.surefire.testng.TestNGExecutor.run(TestNGExecutor.java:70)
	at org.apache.maven.surefire.testng.TestNGDirectoryTestSuite.executeMulti(TestNGDirectoryTestSuite.java:158)
	at org.apache.maven.surefire.testng.TestNGDirectoryTestSuite.execute(TestNGDirectoryTestSuite.java:98)
	at org.apache.maven.surefire.testng.TestNGProvider.invoke(TestNGProvider.java:111)
	at sun.reflect.NativeMethodAccessorImpl.invoke0(Native Method)
	at sun.reflect.NativeMethodAccessorImpl.invoke(NativeMethodAccessorImpl.java:57)
	at sun.reflect.DelegatingMethodAccessorImpl.invoke(DelegatingMethodAccessorImpl.java:43)
	at java.lang.reflect.Method.invoke(Method.java:606)
	at org.apache.maven.surefire.util.ReflectionUtils.invokeMethodWithArray(ReflectionUtils.java:164)
	at org.apache.maven.surefire.booter.ProviderFactory$ProviderProxy.invoke(ProviderFactory.java:110)
	at org.apache.maven.surefire.booter.SurefireStarter.invokeProvider(SurefireStarter.java:175)
	at org.apache.maven.surefire.booter.SurefireStarter.runSuitesInProcessWhenForked(SurefireStarter.java:107)
	at org.apache.maven.surefire.booter.ForkedBooter.main(ForkedBooter.java:68)
Caused by: org.springframework.beans.factory.BeanCreationException: Error creating bean with name &apos;requestMappingHandlerMapping&apos; defined in class org.springframework.web.servlet.config.annotation.DelegatingWebMvcConfiguration: Bean instantiation via factory method failed; nested exception is org.springframework.beans.BeanInstantiationException: Failed to instantiate [org.springframework.web.servlet.mvc.method.annotation.RequestMappingHandlerMapping]: Factory method &apos;requestMappingHandlerMapping&apos; threw exception; nested exception is org.springframework.beans.factory.BeanCreationException: Error creating bean with name &apos;mvcConversionService&apos; defined in class org.springframework.web.servlet.config.annotation.DelegatingWebMvcConfiguration: Bean instantiation via factory method failed; nested exception is org.springframework.beans.BeanInstantiationException: Failed to instantiate [org.springframework.format.support.FormattingConversionService]: Factory method &apos;mvcConversionService&apos; threw exception; nested exception is org.springframework.beans.factory.BeanCreationException: Error creating bean with name &apos;beekeeperRepository&apos;: Invocation of init method failed; nested exception is org.springframework.data.mapping.PropertyReferenceException: No property code found for type Beekeeper!
	at org.springframework.beans.factory.support.ConstructorResolver.instantiateUsingFactoryMethod(ConstructorResolver.java:599)
	at org.springframework.beans.factory.support.AbstractAutowireCapableBeanFactory.instantiateUsingFactoryMethod(AbstractAutowireCapableBeanFactory.java:1119)
	at org.springframework.beans.factory.support.AbstractAutowireCapableBeanFactory.createBeanInstance(AbstractAutowireCapableBeanFactory.java:1014)
	at org.springframework.beans.factory.support.AbstractAutowireCapableBeanFactory.doCreateBean(AbstractAutowireCapableBeanFactory.java:504)
	at org.springframework.beans.factory.support.AbstractAutowireCapableBeanFactory.createBean(AbstractAutowireCapableBeanFactory.java:476)
	at org.springframework.beans.factory.support.AbstractBeanFactory$1.getObject(AbstractBeanFactory.java:303)
	at org.springframework.beans.factory.support.DefaultSingletonBeanRegistry.getSingleton(DefaultSingletonBeanRegistry.java:230)
	at org.springframework.beans.factory.support.AbstractBeanFactory.doGetBean(AbstractBeanFactory.java:299)
	at org.springframework.beans.factory.support.AbstractBeanFactory.getBean(AbstractBeanFactory.java:194)
	at org.springframework.beans.factory.support.DefaultListableBeanFactory.preInstantiateSingletons(DefaultListableBeanFactory.java:755)
	at org.springframework.context.support.AbstractApplicationContext.finishBeanFactoryInitialization(AbstractApplicationContext.java:757)
	at org.springframework.context.support.AbstractApplicationContext.refresh(AbstractApplicationContext.java:480)
	at org.springframework.boot.SpringApplication.refresh(SpringApplication.java:686)
	at org.springframework.boot.SpringApplication.run(SpringApplication.java:320)
	at org.springframework.boot.test.SpringApplicationContextLoader.loadContext(SpringApplicationContextLoader.java:101)
	at org.springframework.test.context.DefaultCacheAwareContextLoaderDelegate.loadContextInternal(DefaultCacheAwareContextLoaderDelegate.java:68)
	at org.springframework.test.context.DefaultCacheAwareContextLoaderDelegate.loadContext(DefaultCacheAwareContextLoaderDelegate.java:86)
	... 39 more
Caused by: org.springframework.beans.BeanInstantiationException: Failed to instantiate [org.springframework.web.servlet.mvc.method.annotation.RequestMappingHandlerMapping]: Factory method &apos;requestMappingHandlerMapping&apos; threw exception; nested exception is org.springframework.beans.factory.BeanCreationException: Error creating bean with name &apos;mvcConversionService&apos; defined in class org.springframework.web.servlet.config.annotation.DelegatingWebMvcConfiguration: Bean instantiation via factory method failed; nested exception is org.springframework.beans.BeanInstantiationException: Failed to instantiate [org.springframework.format.support.FormattingConversionService]: Factory method &apos;mvcConversionService&apos; threw exception; nested exception is org.springframework.beans.factory.BeanCreationException: Error creating bean with name &apos;beekeeperRepository&apos;: Invocation of init method failed; nested exception is org.springframework.data.mapping.PropertyReferenceException: No property code found for type Beekeeper!
	at org.springframework.beans.factory.support.SimpleInstantiationStrategy.instantiate(SimpleInstantiationStrategy.java:189)
	at org.springframework.beans.factory.support.ConstructorResolver.instantiateUsingFactoryMethod(ConstructorResolver.java:588)
	... 55 more
Caused by: org.springframework.beans.factory.BeanCreationException: Error creating bean with name &apos;mvcConversionService&apos; defined in class org.springframework.web.servlet.config.annotation.DelegatingWebMvcConfiguration: Bean instantiation via factory method failed; nested exception is org.springframework.beans.BeanInstantiationException: Failed to instantiate [org.springframework.format.support.FormattingConversionService]: Factory method &apos;mvcConversionService&apos; threw exception; nested exception is org.springframework.beans.factory.BeanCreationException: Error creating bean with name &apos;beekeeperRepository&apos;: Invocation of init method failed; nested exception is org.springframework.data.mapping.PropertyReferenceException: No property code found for type Beekeeper!
	at org.springframework.beans.factory.support.ConstructorResolver.instantiateUsingFactoryMethod(ConstructorResolver.java:599)
	at org.springframework.beans.factory.support.AbstractAutowireCapableBeanFactory.instantiateUsingFactoryMethod(AbstractAutowireCapableBeanFactory.java:1119)
	at org.springframework.beans.factory.support.AbstractAutowireCapableBeanFactory.createBeanInstance(AbstractAutowireCapableBeanFactory.java:1014)
	at org.springframework.beans.factory.support.AbstractAutowireCapableBeanFactory.doCreateBean(AbstractAutowireCapableBeanFactory.java:504)
	at org.springframework.beans.factory.support.AbstractAutowireCapableBeanFactory.createBean(AbstractAutowireCapableBeanFactory.java:476)
	at org.springframework.beans.factory.support.AbstractBeanFactory$1.getObject(AbstractBeanFactory.java:303)
	at org.springframework.beans.factory.support.DefaultSingletonBeanRegistry.getSingleton(DefaultSingletonBeanRegistry.java:230)
	at org.springframework.beans.factory.support.AbstractBeanFactory.doGetBean(AbstractBeanFactory.java:299)
	at org.springframework.beans.factory.support.AbstractBeanFactory.getBean(AbstractBeanFactory.java:194)
	at org.springframework.context.annotation.ConfigurationClassEnhancer$BeanMethodInterceptor.intercept(ConfigurationClassEnhancer.java:322)
	at org.springframework.web.servlet.config.annotation.DelegatingWebMvcConfiguration$$EnhancerBySpringCGLIB$$979b0389.mvcConversionService(&lt;generated&gt;)
	at org.springframework.web.servlet.config.annotation.WebMvcConfigurationSupport.getInterceptors(WebMvcConfigurationSupport.java:260)
	at org.springframework.web.servlet.config.annotation.WebMvcConfigurationSupport.requestMappingHandlerMapping(WebMvcConfigurationSupport.java:228)
	at org.springframework.web.servlet.config.annotation.DelegatingWebMvcConfiguration$$EnhancerBySpringCGLIB$$979b0389.CGLIB$requestMappingHandlerMapping$17(&lt;generated&gt;)
	at org.springframework.web.servlet.config.annotation.DelegatingWebMvcConfiguration$$EnhancerBySpringCGLIB$$979b0389$$FastClassBySpringCGLIB$$8bc5a953.invoke(&lt;generated&gt;)
	at org.springframework.cglib.proxy.MethodProxy.invokeSuper(MethodProxy.java:228)
	at org.springframework.context.annotation.ConfigurationClassEnhancer$BeanMethodInterceptor.intercept(ConfigurationClassEnhancer.java:309)
	at org.springframework.web.servlet.config.annotation.DelegatingWebMvcConfiguration$$EnhancerBySpringCGLIB$$979b0389.requestMappingHandlerMapping(&lt;generated&gt;)
	at sun.reflect.NativeMethodAccessorImpl.invoke0(Native Method)
	at sun.reflect.NativeMethodAccessorImpl.invoke(NativeMethodAccessorImpl.java:57)
	at sun.reflect.DelegatingMethodAccessorImpl.invoke(DelegatingMethodAccessorImpl.java:43)
	at java.lang.reflect.Method.invoke(Method.java:606)
	at org.springframework.beans.factory.support.SimpleInstantiationStrategy.instantiate(SimpleInstantiationStrategy.java:162)
	... 56 more
Caused by: org.springframework.beans.BeanInstantiationException: Failed to instantiate [org.springframework.format.support.FormattingConversionService]: Factory method &apos;mvcConversionService&apos; threw exception; nested exception is org.springframework.beans.factory.BeanCreationException: Error creating bean with name &apos;beekeeperRepository&apos;: Invocation of init method failed; nested exception is org.springframework.data.mapping.PropertyReferenceException: No property code found for type Beekeeper!
	at org.springframework.beans.factory.support.SimpleInstantiationStrategy.instantiate(SimpleInstantiationStrategy.java:189)
	at org.springframework.beans.factory.support.ConstructorResolver.instantiateUsingFactoryMethod(ConstructorResolver.java:588)
	... 78 more
Caused by: org.springframework.beans.factory.BeanCreationException: Error creating bean with name &apos;beekeeperRepository&apos;: Invocation of init method failed; nested exception is org.springframework.data.mapping.PropertyReferenceException: No property code found for type Beekeeper!
	at org.springframework.beans.factory.support.AbstractAutowireCapableBeanFactory.initializeBean(AbstractAutowireCapableBeanFactory.java:1574)
	at org.springframework.beans.factory.support.AbstractAutowireCapableBeanFactory.doCreateBean(AbstractAutowireCapableBeanFactory.java:539)
	at org.springframework.beans.factory.support.AbstractAutowireCapableBeanFactory.createBean(AbstractAutowireCapableBeanFactory.java:476)
	at org.springframework.beans.factory.support.AbstractBeanFactory$1.getObject(AbstractBeanFactory.java:303)
	at org.springframework.beans.factory.support.DefaultSingletonBeanRegistry.getSingleton(DefaultSingletonBeanRegistry.java:230)
	at org.springframework.beans.factory.support.AbstractBeanFactory.doGetBean(AbstractBeanFactory.java:299)
	at org.springframework.beans.factory.support.AbstractBeanFactory.getBean(AbstractBeanFactory.java:199)
	at org.springframework.context.support.AbstractApplicationContext.getBean(AbstractApplicationContext.java:962)
	at org.springframework.data.repository.support.Repositories.populateRepositoryFactoryInformation(Repositories.java:93)
	at org.springframework.data.repository.support.Repositories.&lt;init&gt;(Repositories.java:84)
	at org.springframework.data.repository.support.DomainClassConverter.setApplicationContext(DomainClassConverter.java:105)
	at org.springframework.data.web.config.SpringDataWebConfiguration.registerDomainClassConverterFor(SpringDataWebConfiguration.java:80)
	at org.springframework.data.web.config.SpringDataWebConfiguration.addFormatters(SpringDataWebConfiguration.java:73)
	at org.springframework.web.servlet.config.annotation.WebMvcConfigurerComposite.addFormatters(WebMvcConfigurerComposite.java:49)
	at org.springframework.web.servlet.config.annotation.DelegatingWebMvcConfiguration.addFormatters(DelegatingWebMvcConfiguration.java:117)
	at org.springframework.web.servlet.config.annotation.WebMvcConfigurationSupport.mvcConversionService(WebMvcConfigurationSupport.java:506)
	at org.springframework.web.servlet.config.annotation.DelegatingWebMvcConfiguration$$EnhancerBySpringCGLIB$$979b0389.CGLIB$mvcConversionService$28(&lt;generated&gt;)
	at org.springframework.web.servlet.config.annotation.DelegatingWebMvcConfiguration$$EnhancerBySpringCGLIB$$979b0389$$FastClassBySpringCGLIB$$8bc5a953.invoke(&lt;generated&gt;)
	at org.springframework.cglib.proxy.MethodProxy.invokeSuper(MethodProxy.java:228)
	at org.springframework.context.annotation.ConfigurationClassEnhancer$BeanMethodInterceptor.intercept(ConfigurationClassEnhancer.java:309)
	at org.springframework.web.servlet.config.annotation.DelegatingWebMvcConfiguration$$EnhancerBySpringCGLIB$$979b0389.mvcConversionService(&lt;generated&gt;)
	at sun.reflect.NativeMethodAccessorImpl.invoke0(Native Method)
	at sun.reflect.NativeMethodAccessorImpl.invoke(NativeMethodAccessorImpl.java:57)
	at sun.reflect.DelegatingMethodAccessorImpl.invoke(DelegatingMethodAccessorImpl.java:43)
	at java.lang.reflect.Method.invoke(Method.java:606)
	at org.springframework.beans.factory.support.SimpleInstantiationStrategy.instantiate(SimpleInstantiationStrategy.java:162)
	... 79 more
Caused by: org.springframework.data.mapping.PropertyReferenceException: No property code found for type Beekeeper!
	at org.springframework.data.mapping.PropertyPath.&lt;init&gt;(PropertyPath.java:75)
	at org.springframework.data.mapping.PropertyPath.create(PropertyPath.java:327)
	at org.springframework.data.mapping.PropertyPath.create(PropertyPath.java:307)
	at org.springframework.data.mapping.PropertyPath.from(PropertyPath.java:270)
	at org.springframework.data.mapping.PropertyPath.from(PropertyPath.java:241)
	at org.springframework.data.repository.query.parser.Part.&lt;init&gt;(Part.java:76)
	at org.springframework.data.repository.query.parser.PartTree$OrPart.&lt;init&gt;(PartTree.java:235)
	at org.springframework.data.repository.query.parser.PartTree$Predicate.buildTree(PartTree.java:373)
	at org.springframework.data.repository.query.parser.PartTree$Predicate.&lt;init&gt;(PartTree.java:353)
	at org.springframework.data.repository.query.parser.PartTree.&lt;init&gt;(PartTree.java:87)
	at org.springframework.data.jpa.repository.query.PartTreeJpaQuery.&lt;init&gt;(PartTreeJpaQuery.java:61)
	at org.springframework.data.jpa.repository.query.JpaQueryLookupStrategy$CreateQueryLookupStrategy.resolveQuery(JpaQueryLookupStrategy.java:94)
	at org.springframework.data.jpa.repository.query.JpaQueryLookupStrategy$CreateIfNotFoundQueryLookupStrategy.resolveQuery(JpaQueryLookupStrategy.java:205)
	at org.springframework.data.jpa.repository.query.JpaQueryLookupStrategy$AbstractQueryLookupStrategy.resolveQuery(JpaQueryLookupStrategy.java:72)
	at org.springframework.data.repository.core.support.RepositoryFactorySupport$QueryExecutorMethodInterceptor.&lt;init&gt;(RepositoryFactorySupport.java:349)
	at org.springframework.data.repository.core.support.RepositoryFactorySupport.getRepository(RepositoryFactorySupport.java:187)
	at org.springframework.data.repository.core.support.RepositoryFactoryBeanSupport.initAndReturn(RepositoryFactoryBeanSupport.java:239)
	at org.springframework.data.repository.core.support.RepositoryFactoryBeanSupport.afterPropertiesSet(RepositoryFactoryBeanSupport.java:225)
	at org.springframework.data.jpa.repository.support.JpaRepositoryFactoryBean.afterPropertiesSet(JpaRepositoryFactoryBean.java:92)
	at org.springframework.beans.factory.support.AbstractAutowireCapableBeanFactory.invokeInitMethods(AbstractAutowireCapableBeanFactory.java:1633)
	at org.springframework.beans.factory.support.AbstractAutowireCapableBeanFactory.initializeBean(AbstractAutowireCapableBeanFactory.java:1570)
	... 104 more
Caused by: org.springframework.beans.factory.BeanCreationException: Error creating bean with name &apos;requestMappingHandlerMapping&apos; defined in class org.springframework.web.servlet.config.annotation.DelegatingWebMvcConfiguration: Bean instantiation via factory method failed; nested exception is org.springframework.beans.BeanInstantiationException: Failed to instantiate [org.springframework.web.servlet.mvc.method.annotation.RequestMappingHandlerMapping]: Factory method &apos;requestMappingHandlerMapping&apos; threw exception; nested exception is org.springframework.beans.factory.BeanCreationException: Error creating bean with name &apos;mvcConversionService&apos; defined in class org.springframework.web.servlet.config.annotation.DelegatingWebMvcConfiguration: Bean instantiation via factory method failed; nested exception is org.springframework.beans.BeanInstantiationException: Failed to instantiate [org.springframework.format.support.FormattingConversionService]: Factory method &apos;mvcConversionService&apos; threw exception; nested exception is org.springframework.beans.factory.BeanCreationException: Error creating bean with name &apos;beekeeperRepository&apos;: Invocation of init method failed; nested exception is org.springframework.data.mapping.PropertyReferenceException: No property code found for type Beekeeper!
	at org.springframework.beans.factory.support.ConstructorResolver.instantiateUsingFactoryMethod(ConstructorResolver.java:599)
	at org.springframework.beans.factory.support.AbstractAutowireCapableBeanFactory.instantiateUsingFactoryMethod(AbstractAutowireCapableBeanFactory.java:1119)
	at org.springframework.beans.factory.support.AbstractAutowireCapableBeanFactory.createBeanInstance(AbstractAutowireCapableBeanFactory.java:1014)
	at org.springframework.beans.factory.support.AbstractAutowireCapableBeanFactory.doCreateBean(AbstractAutowireCapableBeanFactory.java:504)
	at org.springframework.beans.factory.support.AbstractAutowireCapableBeanFactory.createBean(AbstractAutowireCapableBeanFactory.java:476)
	at org.springframework.beans.factory.support.AbstractBeanFactory$1.getObject(AbstractBeanFactory.java:303)
	at org.springframework.beans.factory.support.DefaultSingletonBeanRegistry.getSingleton(DefaultSingletonBeanRegistry.java:230)
	at org.springframework.beans.factory.support.AbstractBeanFactory.doGetBean(AbstractBeanFactory.java:299)
	at org.springframework.beans.factory.support.AbstractBeanFactory.getBean(AbstractBeanFactory.java:194)
	at org.springframework.beans.factory.support.DefaultListableBeanFactory.preInstantiateSingletons(DefaultListableBeanFactory.java:755)
	at org.springframework.context.support.AbstractApplicationContext.finishBeanFactoryInitialization(AbstractApplicationContext.java:757)
	at org.springframework.context.support.AbstractApplicationContext.refresh(AbstractApplicationContext.java:480)
	at org.springframework.boot.SpringApplication.refresh(SpringApplication.java:686)
	at org.springframework.boot.SpringApplication.run(SpringApplication.java:320)
	at org.springframework.boot.test.SpringApplicationContextLoader.loadContext(SpringApplicationContextLoader.java:101)
	at org.springframework.test.context.DefaultCacheAwareContextLoaderDelegate.loadContextInternal(DefaultCacheAwareContextLoaderDelegate.java:68)
	at org.springframework.test.context.DefaultCacheAwareContextLoaderDelegate.loadContext(DefaultCacheAwareContextLoaderDelegate.java:86)
	... 39 more
Caused by: org.springframework.beans.BeanInstantiationException: Failed to instantiate [org.springframework.web.servlet.mvc.method.annotation.RequestMappingHandlerMapping]: Factory method &apos;requestMappingHandlerMapping&apos; threw exception; nested exception is org.springframework.beans.factory.BeanCreationException: Error creating bean with name &apos;mvcConversionService&apos; defined in class org.springframework.web.servlet.config.annotation.DelegatingWebMvcConfiguration: Bean instantiation via factory method failed; nested exception is org.springframework.beans.BeanInstantiationException: Failed to instantiate [org.springframework.format.support.FormattingConversionService]: Factory method &apos;mvcConversionService&apos; threw exception; nested exception is org.springframework.beans.factory.BeanCreationException: Error creating bean with name &apos;beekeeperRepository&apos;: Invocation of init method failed; nested exception is org.springframework.data.mapping.PropertyReferenceException: No property code found for type Beekeeper!
	at org.springframework.beans.factory.support.SimpleInstantiationStrategy.instantiate(SimpleInstantiationStrategy.java:189)
	at org.springframework.beans.factory.support.ConstructorResolver.instantiateUsingFactoryMethod(ConstructorResolver.java:588)
	... 55 more
Caused by: org.springframework.beans.factory.BeanCreationException: Error creating bean with name &apos;mvcConversionService&apos; defined in class org.springframework.web.servlet.config.annotation.DelegatingWebMvcConfiguration: Bean instantiation via factory method failed; nested exception is org.springframework.beans.BeanInstantiationException: Failed to instantiate [org.springframework.format.support.FormattingConversionService]: Factory method &apos;mvcConversionService&apos; threw exception; nested exception is org.springframework.beans.factory.BeanCreationException: Error creating bean with name &apos;beekeeperRepository&apos;: Invocation of init method failed; nested exception is org.springframework.data.mapping.PropertyReferenceException: No property code found for type Beekeeper!
	at org.springframework.beans.factory.support.ConstructorResolver.instantiateUsingFactoryMethod(ConstructorResolver.java:599)
	at org.springframework.beans.factory.support.AbstractAutowireCapableBeanFactory.instantiateUsingFactoryMethod(AbstractAutowireCapableBeanFactory.java:1119)
	at org.springframework.beans.factory.support.AbstractAutowireCapableBeanFactory.createBeanInstance(AbstractAutowireCapableBeanFactory.java:1014)
	at org.springframework.beans.factory.support.AbstractAutowireCapableBeanFactory.doCreateBean(AbstractAutowireCapableBeanFactory.java:504)
	at org.springframework.beans.factory.support.AbstractAutowireCapableBeanFactory.createBean(AbstractAutowireCapableBeanFactory.java:476)
	at org.springframework.beans.factory.support.AbstractBeanFactory$1.getObject(AbstractBeanFactory.java:303)
	at org.springframework.beans.factory.support.DefaultSingletonBeanRegistry.getSingleton(DefaultSingletonBeanRegistry.java:230)
	at org.springframework.beans.factory.support.AbstractBeanFactory.doGetBean(AbstractBeanFactory.java:299)
	at org.springframework.beans.factory.support.AbstractBeanFactory.getBean(AbstractBeanFactory.java:194)
	at org.springframework.context.annotation.ConfigurationClassEnhancer$BeanMethodInterceptor.intercept(ConfigurationClassEnhancer.java:322)
	at org.springframework.web.servlet.config.annotation.DelegatingWebMvcConfiguration$$EnhancerBySpringCGLIB$$979b0389.mvcConversionService(&lt;generated&gt;)
	at org.springframework.web.servlet.config.annotation.WebMvcConfigurationSupport.getInterceptors(WebMvcConfigurationSupport.java:260)
	at org.springframework.web.servlet.config.annotation.WebMvcConfigurationSupport.requestMappingHandlerMapping(WebMvcConfigurationSupport.java:228)
	at org.springframework.web.servlet.config.annotation.DelegatingWebMvcConfiguration$$EnhancerBySpringCGLIB$$979b0389.CGLIB$requestMappingHandlerMapping$17(&lt;generated&gt;)
	at org.springframework.web.servlet.config.annotation.DelegatingWebMvcConfiguration$$EnhancerBySpringCGLIB$$979b0389$$FastClassBySpringCGLIB$$8bc5a953.invoke(&lt;generated&gt;)
	at org.springframework.cglib.proxy.MethodProxy.invokeSuper(MethodProxy.java:228)
	at org.springframework.context.annotation.ConfigurationClassEnhancer$BeanMethodInterceptor.intercept(ConfigurationClassEnhancer.java:309)
	at org.springframework.web.servlet.config.annotation.DelegatingWebMvcConfiguration$$EnhancerBySpringCGLIB$$979b0389.requestMappingHandlerMapping(&lt;generated&gt;)
	at sun.reflect.NativeMethodAccessorImpl.invoke0(Native Method)
	at sun.reflect.NativeMethodAccessorImpl.invoke(NativeMethodAccessorImpl.java:57)
	at sun.reflect.DelegatingMethodAccessorImpl.invoke(DelegatingMethodAccessorImpl.java:43)
	at java.lang.reflect.Method.invoke(Method.java:606)
	at org.springframework.beans.factory.support.SimpleInstantiationStrategy.instantiate(SimpleInstantiationStrategy.java:162)
	... 56 more
Caused by: org.springframework.beans.BeanInstantiationException: Failed to instantiate [org.springframework.format.support.FormattingConversionService]: Factory method &apos;mvcConversionService&apos; threw exception; nested exception is org.springframework.beans.factory.BeanCreationException: Error creating bean with name &apos;beekeeperRepository&apos;: Invocation of init method failed; nested exception is org.springframework.data.mapping.PropertyReferenceException: No property code found for type Beekeeper!
	at org.springframework.beans.factory.support.SimpleInstantiationStrategy.instantiate(SimpleInstantiationStrategy.java:189)
	at org.springframework.beans.factory.support.ConstructorResolver.instantiateUsingFactoryMethod(ConstructorResolver.java:588)
	... 78 more
Caused by: org.springframework.beans.factory.BeanCreationException: Error creating bean with name &apos;beekeeperRepository&apos;: Invocation of init method failed; nested exception is org.springframework.data.mapping.PropertyReferenceException: No property code found for type Beekeeper!
	at org.springframework.beans.factory.support.AbstractAutowireCapableBeanFactory.initializeBean(AbstractAutowireCapableBeanFactory.java:1574)
	at org.springframework.beans.factory.support.AbstractAutowireCapableBeanFactory.doCreateBean(AbstractAutowireCapableBeanFactory.java:539)
	at org.springframework.beans.factory.support.AbstractAutowireCapableBeanFactory.createBean(AbstractAutowireCapableBeanFactory.java:476)
	at org.springframework.beans.factory.support.AbstractBeanFactory$1.getObject(AbstractBeanFactory.java:303)
	at org.springframework.beans.factory.support.DefaultSingletonBeanRegistry.getSingleton(DefaultSingletonBeanRegistry.java:230)
	at org.springframework.beans.factory.support.AbstractBeanFactory.doGetBean(AbstractBeanFactory.java:299)
	at org.springframework.beans.factory.support.AbstractBeanFactory.getBean(AbstractBeanFactory.java:199)
	at org.springframework.context.support.AbstractApplicationContext.getBean(AbstractApplicationContext.java:962)
	at org.springframework.data.repository.support.Repositories.populateRepositoryFactoryInformation(Repositories.java:93)
	at org.springframework.data.repository.support.Repositories.&lt;init&gt;(Repositories.java:84)
	at org.springframework.data.repository.support.DomainClassConverter.setApplicationContext(DomainClassConverter.java:105)
	at org.springframework.data.web.config.SpringDataWebConfiguration.registerDomainClassConverterFor(SpringDataWebConfiguration.java:80)
	at org.springframework.data.web.config.SpringDataWebConfiguration.addFormatters(SpringDataWebConfiguration.java:73)
	at org.springframework.web.servlet.config.annotation.WebMvcConfigurerComposite.addFormatters(WebMvcConfigurerComposite.java:49)
	at org.springframework.web.servlet.config.annotation.DelegatingWebMvcConfiguration.addFormatters(DelegatingWebMvcConfiguration.java:117)
	at org.springframework.web.servlet.config.annotation.WebMvcConfigurationSupport.mvcConversionService(WebMvcConfigurationSupport.java:506)
	at org.springframework.web.servlet.config.annotation.DelegatingWebMvcConfiguration$$EnhancerBySpringCGLIB$$979b0389.CGLIB$mvcConversionService$28(&lt;generated&gt;)
	at org.springframework.web.servlet.config.annotation.DelegatingWebMvcConfiguration$$EnhancerBySpringCGLIB$$979b0389$$FastClassBySpringCGLIB$$8bc5a953.invoke(&lt;generated&gt;)
	at org.springframework.cglib.proxy.MethodProxy.invokeSuper(MethodProxy.java:228)
	at org.springframework.context.annotation.ConfigurationClassEnhancer$BeanMethodInterceptor.intercept(ConfigurationClassEnhancer.java:309)
	at org.springframework.web.servlet.config.annotation.DelegatingWebMvcConfiguration$$EnhancerBySpringCGLIB$$979b0389.mvcConversionService(&lt;generated&gt;)
	at sun.reflect.NativeMethodAccessorImpl.invoke0(Native Method)
	at sun.reflect.NativeMethodAccessorImpl.invoke(NativeMethodAccessorImpl.java:57)
	at sun.reflect.DelegatingMethodAccessorImpl.invoke(DelegatingMethodAccessorImpl.java:43)
	at java.lang.reflect.Method.invoke(Method.java:606)
	at org.springframework.beans.factory.support.SimpleInstantiationStrategy.instantiate(SimpleInstantiationStrategy.java:162)
	... 79 more
Caused by: org.springframework.data.mapping.PropertyReferenceException: No property code found for type Beekeeper!
	at org.springframework.data.mapping.PropertyPath.&lt;init&gt;(PropertyPath.java:75)
	at org.springframework.data.mapping.PropertyPath.create(PropertyPath.java:327)
	at org.springframework.data.mapping.PropertyPath.create(PropertyPath.java:307)
	at org.springframework.data.mapping.PropertyPath.from(PropertyPath.java:270)
	at org.springframework.data.mapping.PropertyPath.from(PropertyPath.java:241)
	at org.springframework.data.repository.query.parser.Part.&lt;init&gt;(Part.java:76)
	at org.springframework.data.repository.query.parser.PartTree$OrPart.&lt;init&gt;(PartTree.java:235)
	at org.springframework.data.repository.query.parser.PartTree$Predicate.buildTree(PartTree.java:373)
	at org.springframework.data.repository.query.parser.PartTree$Predicate.&lt;init&gt;(PartTree.java:353)
	at org.springframework.data.repository.query.parser.PartTree.&lt;init&gt;(PartTree.java:87)
	at org.springframework.data.jpa.repository.query.PartTreeJpaQuery.&lt;init&gt;(PartTreeJpaQuery.java:61)
	at org.springframework.data.jpa.repository.query.JpaQueryLookupStrategy$CreateQueryLookupStrategy.resolveQuery(JpaQueryLookupStrategy.java:94)
	at org.springframework.data.jpa.repository.query.JpaQueryLookupStrategy$CreateIfNotFoundQueryLookupStrategy.resolveQuery(JpaQueryLookupStrategy.java:205)
	at org.springframework.data.jpa.repository.query.JpaQueryLookupStrategy$AbstractQueryLookupStrategy.resolveQuery(JpaQueryLookupStrategy.java:72)
	at org.springframework.data.repository.core.support.RepositoryFactorySupport$QueryExecutorMethodInterceptor.&lt;init&gt;(RepositoryFactorySupport.java:349)
	at org.springframework.data.repository.core.support.RepositoryFactorySupport.getRepository(RepositoryFactorySupport.java:187)
	at org.springframework.data.repository.core.support.RepositoryFactoryBeanSupport.initAndReturn(RepositoryFactoryBeanSupport.java:239)
	at org.springframework.data.repository.core.support.RepositoryFactoryBeanSupport.afterPropertiesSet(RepositoryFactoryBeanSupport.java:225)
	at org.springframework.data.jpa.repository.support.JpaRepositoryFactoryBean.afterPropertiesSet(JpaRepositoryFactoryBean.java:92)
	at org.springframework.beans.factory.support.AbstractAutowireCapableBeanFactory.invokeInitMethods(AbstractAutowireCapableBeanFactory.java:1633)
	at org.springframework.beans.factory.support.AbstractAutowireCapableBeanFactory.initializeBean(AbstractAutowireCapableBeanFactory.java:1570)
	... 104 more
</failure>
    <system-out>17:39:13.946 [main] DEBUG o.s.test.context.BootstrapUtils - Instantiating TestContextBootstrapper from class [org.springframework.test.context.web.WebTestContextBootstrapper]
17:39:13.970 [main] DEBUG o.s.t.c.w.WebTestContextBootstrapper - Found explicit ContextLoader class [org.springframework.boot.test.SpringApplicationContextLoader] for context configuration attributes [ContextConfigurationAttributes@a492cb declaringClass = &apos;discuss.repositories.CustomerCrudTest&apos;, classes = &apos;{class discuss.App}&apos;, locations = &apos;{}&apos;, inheritLocations = true, initializers = &apos;{}&apos;, inheritInitializers = true, name = [null], contextLoaderClass = &apos;org.springframework.boot.test.SpringApplicationContextLoader&apos;]
17:39:13.975 [main] DEBUG o.s.t.c.support.ActiveProfilesUtils - Could not find an &apos;annotation declaring class&apos; for annotation type [org.springframework.test.context.ActiveProfiles] and class [discuss.repositories.CustomerCrudTest]
17:39:13.982 [main] INFO  o.s.t.c.w.WebTestContextBootstrapper - Using TestExecutionListeners: [org.springframework.test.context.web.ServletTestExecutionListener@1467c59, org.springframework.test.context.support.DependencyInjectionTestExecutionListener@8dcd41, org.springframework.test.context.support.DirtiesContextTestExecutionListener@19e7719]
17:39:13.986 [main] DEBUG o.s.test.context.BootstrapUtils - Instantiating TestContextBootstrapper from class [org.springframework.test.context.web.WebTestContextBootstrapper]
17:39:13.987 [main] DEBUG o.s.t.c.w.WebTestContextBootstrapper - Found explicit ContextLoader class [org.springframework.boot.test.SpringApplicationContextLoader] for context configuration attributes [ContextConfigurationAttributes@1951921 declaringClass = &apos;discuss.repositories.SubLocationCrudTest&apos;, classes = &apos;{class discuss.App}&apos;, locations = &apos;{}&apos;, inheritLocations = true, initializers = &apos;{}&apos;, inheritInitializers = true, name = [null], contextLoaderClass = &apos;org.springframework.boot.test.SpringApplicationContextLoader&apos;]
17:39:13.988 [main] DEBUG o.s.t.c.support.ActiveProfilesUtils - Could not find an &apos;annotation declaring class&apos; for annotation type [org.springframework.test.context.ActiveProfiles] and class [discuss.repositories.SubLocationCrudTest]
17:39:13.988 [main] INFO  o.s.t.c.w.WebTestContextBootstrapper - Using TestExecutionListeners: [org.springframework.test.context.web.ServletTestExecutionListener@1a4eb44, org.springframework.test.context.support.DependencyInjectionTestExecutionListener@51ec5d, org.springframework.test.context.support.DirtiesContextTestExecutionListener@74e259]
17:39:13.996 [main] DEBUG o.s.test.context.BootstrapUtils - Instantiating TestContextBootstrapper from class [org.springframework.test.context.web.WebTestContextBootstrapper]
17:39:13.997 [main] DEBUG o.s.t.c.w.WebTestContextBootstrapper - Found explicit ContextLoader class [org.springframework.boot.test.SpringApplicationContextLoader] for context configuration attributes [ContextConfigurationAttributes@c44a09 declaringClass = &apos;discuss.repositories.LocationCrudTest&apos;, classes = &apos;{class discuss.App}&apos;, locations = &apos;{}&apos;, inheritLocations = true, initializers = &apos;{}&apos;, inheritInitializers = true, name = [null], contextLoaderClass = &apos;org.springframework.boot.test.SpringApplicationContextLoader&apos;]
17:39:13.997 [main] DEBUG o.s.t.c.support.ActiveProfilesUtils - Could not find an &apos;annotation declaring class&apos; for annotation type [org.springframework.test.context.ActiveProfiles] and class [discuss.repositories.LocationCrudTest]
17:39:13.998 [main] INFO  o.s.t.c.w.WebTestContextBootstrapper - Using TestExecutionListeners: [org.springframework.test.context.web.ServletTestExecutionListener@d8b0f6, org.springframework.test.context.support.DependencyInjectionTestExecutionListener@49ef1e, org.springframework.test.context.support.DirtiesContextTestExecutionListener@1f19bbe]
17:39:14.000 [main] DEBUG o.s.test.context.BootstrapUtils - Instantiating TestContextBootstrapper from class [org.springframework.test.context.web.WebTestContextBootstrapper]
17:39:14.004 [main] DEBUG o.s.t.c.w.WebTestContextBootstrapper - Found explicit ContextLoader class [org.springframework.boot.test.SpringApplicationContextLoader] for context configuration attributes [ContextConfigurationAttributes@2c01b6 declaringClass = &apos;discuss.repositories.HarvestCrudTest&apos;, classes = &apos;{class discuss.App}&apos;, locations = &apos;{}&apos;, inheritLocations = true, initializers = &apos;{}&apos;, inheritInitializers = true, name = [null], contextLoaderClass = &apos;org.springframework.boot.test.SpringApplicationContextLoader&apos;]
17:39:14.004 [main] DEBUG o.s.t.c.support.ActiveProfilesUtils - Could not find an &apos;annotation declaring class&apos; for annotation type [org.springframework.test.context.ActiveProfiles] and class [discuss.repositories.HarvestCrudTest]
17:39:14.005 [main] INFO  o.s.t.c.w.WebTestContextBootstrapper - Using TestExecutionListeners: [org.springframework.test.context.web.ServletTestExecutionListener@1247bd2, org.springframework.test.context.support.DependencyInjectionTestExecutionListener@3d2e1e, org.springframework.test.context.support.DirtiesContextTestExecutionListener@9ee909]
17:39:14.008 [main] DEBUG o.s.test.context.BootstrapUtils - Instantiating TestContextBootstrapper from class [org.springframework.test.context.web.WebTestContextBootstrapper]
17:39:14.009 [main] DEBUG o.s.t.c.w.WebTestContextBootstrapper - Found explicit ContextLoader class [org.springframework.boot.test.SpringApplicationContextLoader] for context configuration attributes [ContextConfigurationAttributes@d5524a declaringClass = &apos;discuss.repositories.HiveCrudTest&apos;, classes = &apos;{class discuss.App}&apos;, locations = &apos;{}&apos;, inheritLocations = true, initializers = &apos;{}&apos;, inheritInitializers = true, name = [null], contextLoaderClass = &apos;org.springframework.boot.test.SpringApplicationContextLoader&apos;]
17:39:14.010 [main] DEBUG o.s.t.c.support.ActiveProfilesUtils - Could not find an &apos;annotation declaring class&apos; for annotation type [org.springframework.test.context.ActiveProfiles] and class [discuss.repositories.HiveCrudTest]
17:39:14.010 [main] INFO  o.s.t.c.w.WebTestContextBootstrapper - Using TestExecutionListeners: [org.springframework.test.context.web.ServletTestExecutionListener@10db63f, org.springframework.test.context.support.DependencyInjectionTestExecutionListener@138223d, org.springframework.test.context.support.DirtiesContextTestExecutionListener@4fda99]
17:39:14.013 [main] DEBUG o.s.test.context.BootstrapUtils - Instantiating TestContextBootstrapper from class [org.springframework.test.context.web.WebTestContextBootstrapper]
17:39:14.015 [main] DEBUG o.s.t.c.w.WebTestContextBootstrapper - Found explicit ContextLoader class [org.springframework.boot.test.SpringApplicationContextLoader] for context configuration attributes [ContextConfigurationAttributes@988a8f declaringClass = &apos;discuss.repositories.SuperCrudTest&apos;, classes = &apos;{class discuss.App}&apos;, locations = &apos;{}&apos;, inheritLocations = true, initializers = &apos;{}&apos;, inheritInitializers = true, name = [null], contextLoaderClass = &apos;org.springframework.boot.test.SpringApplicationContextLoader&apos;]
17:39:14.015 [main] DEBUG o.s.t.c.support.ActiveProfilesUtils - Could not find an &apos;annotation declaring class&apos; for annotation type [org.springframework.test.context.ActiveProfiles] and class [discuss.repositories.SuperCrudTest]
17:39:14.016 [main] INFO  o.s.t.c.w.WebTestContextBootstrapper - Using TestExecutionListeners: [org.springframework.test.context.web.ServletTestExecutionListener@b0f231, org.springframework.test.context.support.DependencyInjectionTestExecutionListener@ec7058, org.springframework.test.context.support.DirtiesContextTestExecutionListener@c3b979]
17:39:14.022 [main] DEBUG o.s.test.context.BootstrapUtils - Instantiating TestContextBootstrapper from class [org.springframework.test.context.web.WebTestContextBootstrapper]
17:39:14.024 [main] DEBUG o.s.t.c.w.WebTestContextBootstrapper - Found explicit ContextLoader class [org.springframework.boot.test.SpringApplicationContextLoader] for context configuration attributes [ContextConfigurationAttributes@1c5c9ca declaringClass = &apos;discuss.repositories.BucketCrudTest&apos;, classes = &apos;{class discuss.App}&apos;, locations = &apos;{}&apos;, inheritLocations = true, initializers = &apos;{}&apos;, inheritInitializers = true, name = [null], contextLoaderClass = &apos;org.springframework.boot.test.SpringApplicationContextLoader&apos;]
17:39:14.024 [main] DEBUG o.s.t.c.support.ActiveProfilesUtils - Could not find an &apos;annotation declaring class&apos; for annotation type [org.springframework.test.context.ActiveProfiles] and class [discuss.repositories.BucketCrudTest]
17:39:14.025 [main] INFO  o.s.t.c.w.WebTestContextBootstrapper - Using TestExecutionListeners: [org.springframework.test.context.web.ServletTestExecutionListener@430440, org.springframework.test.context.support.DependencyInjectionTestExecutionListener@1cc1024, org.springframework.test.context.support.DirtiesContextTestExecutionListener@37ca27]
17:39:14.026 [main] DEBUG o.s.test.context.BootstrapUtils - Instantiating TestContextBootstrapper from class [org.springframework.test.context.web.WebTestContextBootstrapper]
17:39:14.029 [main] DEBUG o.s.t.c.w.WebTestContextBootstrapper - Found explicit ContextLoader class [org.springframework.boot.test.SpringApplicationContextLoader] for context configuration attributes [ContextConfigurationAttributes@136472f declaringClass = &apos;discuss.repositories.BeekeeperCrudTest&apos;, classes = &apos;{class discuss.App}&apos;, locations = &apos;{}&apos;, inheritLocations = true, initializers = &apos;{}&apos;, inheritInitializers = true, name = [null], contextLoaderClass = &apos;org.springframework.boot.test.SpringApplicationContextLoader&apos;]
17:39:14.029 [main] DEBUG o.s.t.c.support.ActiveProfilesUtils - Could not find an &apos;annotation declaring class&apos; for annotation type [org.springframework.test.context.ActiveProfiles] and class [discuss.repositories.BeekeeperCrudTest]
17:39:14.030 [main] INFO  o.s.t.c.w.WebTestContextBootstrapper - Using TestExecutionListeners: [org.springframework.test.context.web.ServletTestExecutionListener@7b7e0e, org.springframework.test.context.support.DependencyInjectionTestExecutionListener@190e513, org.springframework.test.context.support.DirtiesContextTestExecutionListener@1af767d]
17:39:14.031 [main] DEBUG o.s.test.context.BootstrapUtils - Instantiating TestContextBootstrapper from class [org.springframework.test.context.web.WebTestContextBootstrapper]
17:39:14.036 [main] DEBUG o.s.t.c.w.WebTestContextBootstrapper - Found explicit ContextLoader class [org.springframework.boot.test.SpringApplicationContextLoader] for context configuration attributes [ContextConfigurationAttributes@8c0e89 declaringClass = &apos;discuss.repositories.SalesCrudTest&apos;, classes = &apos;{class discuss.App}&apos;, locations = &apos;{}&apos;, inheritLocations = true, initializers = &apos;{}&apos;, inheritInitializers = true, name = [null], contextLoaderClass = &apos;org.springframework.boot.test.SpringApplicationContextLoader&apos;]
17:39:14.036 [main] DEBUG o.s.t.c.support.ActiveProfilesUtils - Could not find an &apos;annotation declaring class&apos; for annotation type [org.springframework.test.context.ActiveProfiles] and class [discuss.repositories.SalesCrudTest]
17:39:14.041 [main] INFO  o.s.t.c.w.WebTestContextBootstrapper - Using TestExecutionListeners: [org.springframework.test.context.web.ServletTestExecutionListener@10e5b38, org.springframework.test.context.support.DependencyInjectionTestExecutionListener@186c975, org.springframework.test.context.support.DirtiesContextTestExecutionListener@14556c]
17:39:14.412 [main] DEBUG o.s.core.env.StandardEnvironment - Adding [systemProperties] PropertySource with lowest search precedence
17:39:14.414 [main] DEBUG o.s.core.env.StandardEnvironment - Adding [systemEnvironment] PropertySource with lowest search precedence
17:39:14.414 [main] DEBUG o.s.core.env.StandardEnvironment - Initialized StandardEnvironment with PropertySources [systemProperties,systemEnvironment]
17:39:14.415 [main] DEBUG o.s.core.env.StandardEnvironment - Adding [integrationTest] PropertySource with search precedence immediately lower than [systemEnvironment]

  .   ____          _            __ _ _
 /\\ / ___&apos;_ __ _ _(_)_ __  __ _ \ \ \ \
( ( )\___ | &apos;_ | &apos;_| | &apos;_ \/ _` | \ \ \ \
 \\/  ___)| |_)| | | | | || (_| |  ) ) ) )
  &apos;  |____| .__|_| |_|_| |_\__, | / / / /
 =========|_|==============|___/=/_/_/_/
 :: Spring Boot ::        (v1.2.3.RELEASE)

2015-09-22 17:39:14.609  INFO 19166 --- [           main] o.a.maven.surefire.booter.ForkedBooter   : Starting ForkedBooter v2.10 on student-virtual-machine with PID 19166 (/home/student/.m2/repository/org/apache/maven/surefire/surefire-booter/2.10/surefire-booter-2.10.jar started by student in /home/student/Desktop/discuss)
2015-09-22 17:39:14.672  INFO 19166 --- [           main] o.s.w.c.s.GenericWebApplicationContext   : Refreshing org.springframework.web.context.support.GenericWebApplicationContext@1431022: startup date [Tue Sep 22 17:39:14 SAST 2015]; root of context hierarchy
2015-09-22 17:39:15.671  INFO 19166 --- [           main] o.s.b.f.s.DefaultListableBeanFactory     : Overriding bean definition for bean &apos;entityLinksPluginRegistry&apos;: replacing [Root bean: class [org.springframework.plugin.core.support.PluginRegistryFactoryBean]; scope=; abstract=false; lazyInit=false; autowireMode=0; dependencyCheck=0; autowireCandidate=true; primary=false; factoryBeanName=null; factoryMethodName=null; initMethodName=null; destroyMethodName=null] with [Root bean: class [org.springframework.plugin.core.support.PluginRegistryFactoryBean]; scope=; abstract=false; lazyInit=false; autowireMode=0; dependencyCheck=0; autowireCandidate=true; primary=false; factoryBeanName=null; factoryMethodName=null; initMethodName=null; destroyMethodName=null]
2015-09-22 17:39:15.672  INFO 19166 --- [           main] o.s.b.f.s.DefaultListableBeanFactory     : Overriding bean definition for bean &apos;controllerEntityLinks&apos;: replacing [Root bean: class [org.springframework.hateoas.core.ControllerEntityLinksFactoryBean]; scope=; abstract=false; lazyInit=false; autowireMode=0; dependencyCheck=0; autowireCandidate=true; primary=false; factoryBeanName=null; factoryMethodName=null; initMethodName=null; destroyMethodName=null] with [Root bean: class [org.springframework.hateoas.core.ControllerEntityLinksFactoryBean]; scope=; abstract=false; lazyInit=false; autowireMode=0; dependencyCheck=0; autowireCandidate=true; primary=false; factoryBeanName=null; factoryMethodName=null; initMethodName=null; destroyMethodName=null]
2015-09-22 17:39:15.672  INFO 19166 --- [           main] o.s.b.f.s.DefaultListableBeanFactory     : Overriding bean definition for bean &apos;delegatingEntityLinks&apos;: replacing [Root bean: class [org.springframework.hateoas.core.DelegatingEntityLinks]; scope=; abstract=false; lazyInit=false; autowireMode=0; dependencyCheck=0; autowireCandidate=true; primary=true; factoryBeanName=null; factoryMethodName=null; initMethodName=null; destroyMethodName=null] with [Root bean: class [org.springframework.hateoas.core.DelegatingEntityLinks]; scope=; abstract=false; lazyInit=false; autowireMode=0; dependencyCheck=0; autowireCandidate=true; primary=true; factoryBeanName=null; factoryMethodName=null; initMethodName=null; destroyMethodName=null]
2015-09-22 17:39:16.574  INFO 19166 --- [           main] trationDelegate$BeanPostProcessorChecker : Bean &apos;org.springframework.transaction.annotation.ProxyTransactionManagementConfiguration&apos; of type [class org.springframework.transaction.annotation.ProxyTransactionManagementConfiguration$$EnhancerBySpringCGLIB$$8ed68d13] is not eligible for getting processed by all BeanPostProcessors (for example: not eligible for auto-proxying)
2015-09-22 17:39:16.603  INFO 19166 --- [           main] trationDelegate$BeanPostProcessorChecker : Bean &apos;transactionAttributeSource&apos; of type [class org.springframework.transaction.annotation.AnnotationTransactionAttributeSource] is not eligible for getting processed by all BeanPostProcessors (for example: not eligible for auto-proxying)
2015-09-22 17:39:16.611  INFO 19166 --- [           main] trationDelegate$BeanPostProcessorChecker : Bean &apos;transactionInterceptor&apos; of type [class org.springframework.transaction.interceptor.TransactionInterceptor] is not eligible for getting processed by all BeanPostProcessors (for example: not eligible for auto-proxying)
2015-09-22 17:39:16.623  INFO 19166 --- [           main] trationDelegate$BeanPostProcessorChecker : Bean &apos;org.springframework.transaction.config.internalTransactionAdvisor&apos; of type [class org.springframework.transaction.interceptor.BeanFactoryTransactionAttributeSourceAdvisor] is not eligible for getting processed by all BeanPostProcessors (for example: not eligible for auto-proxying)
2015-09-22 17:39:17.187  INFO 19166 --- [           main] j.LocalContainerEntityManagerFactoryBean : Building JPA container EntityManagerFactory for persistence unit &apos;default&apos;
2015-09-22 17:39:17.208  INFO 19166 --- [           main] o.hibernate.jpa.internal.util.LogHelper  : HHH000204: Processing PersistenceUnitInfo [
	name: default
	...]
2015-09-22 17:39:17.286  INFO 19166 --- [           main] org.hibernate.Version                    : HHH000412: Hibernate Core {4.3.8.Final}
2015-09-22 17:39:17.287  INFO 19166 --- [           main] org.hibernate.cfg.Environment            : HHH000206: hibernate.properties not found
2015-09-22 17:39:17.289  INFO 19166 --- [           main] org.hibernate.cfg.Environment            : HHH000021: Bytecode provider name : javassist
2015-09-22 17:39:17.489  INFO 19166 --- [           main] o.hibernate.annotations.common.Version   : HCANN000001: Hibernate Commons Annotations {4.0.5.Final}
2015-09-22 17:39:17.802  INFO 19166 --- [           main] org.hibernate.dialect.Dialect            : HHH000400: Using dialect: org.hibernate.dialect.MySQLDialect
2015-09-22 17:39:17.932  INFO 19166 --- [           main] o.h.h.i.ast.ASTQueryTranslatorFactory    : HHH000397: Using ASTQueryTranslatorFactory
2015-09-22 17:39:18.281  INFO 19166 --- [           main] org.hibernate.tool.hbm2ddl.SchemaUpdate  : HHH000228: Running hbm2ddl schema update
2015-09-22 17:39:18.281  INFO 19166 --- [           main] org.hibernate.tool.hbm2ddl.SchemaUpdate  : HHH000102: Fetching database metadata
2015-09-22 17:39:18.283  INFO 19166 --- [           main] org.hibernate.tool.hbm2ddl.SchemaUpdate  : HHH000396: Updating schema
2015-09-22 17:39:18.298  INFO 19166 --- [           main] o.hibernate.tool.hbm2ddl.TableMetadata   : HHH000261: Table found: comments.beekeeper
2015-09-22 17:39:18.298  INFO 19166 --- [           main] o.hibernate.tool.hbm2ddl.TableMetadata   : HHH000037: Columns: [first_name, beeid, email, last_name]
2015-09-22 17:39:18.298  INFO 19166 --- [           main] o.hibernate.tool.hbm2ddl.TableMetadata   : HHH000108: Foreign keys: []
2015-09-22 17:39:18.298  INFO 19166 --- [           main] o.hibernate.tool.hbm2ddl.TableMetadata   : HHH000126: Indexes: [primary]
2015-09-22 17:39:18.304  INFO 19166 --- [           main] o.hibernate.tool.hbm2ddl.TableMetadata   : HHH000261: Table found: comments.bucket
2015-09-22 17:39:18.305  INFO 19166 --- [           main] o.hibernate.tool.hbm2ddl.TableMetadata   : HHH000037: Columns: [id, weight, user_id]
2015-09-22 17:39:18.305  INFO 19166 --- [           main] o.hibernate.tool.hbm2ddl.TableMetadata   : HHH000108: Foreign keys: [fk_i5ip6imslsbkm4d326kkbaicv]
2015-09-22 17:39:18.305  INFO 19166 --- [           main] o.hibernate.tool.hbm2ddl.TableMetadata   : HHH000126: Indexes: [primary, fk_i5ip6imslsbkm4d326kkbaicv]
2015-09-22 17:39:18.312  INFO 19166 --- [           main] o.hibernate.tool.hbm2ddl.TableMetadata   : HHH000261: Table found: comments.customer
2015-09-22 17:39:18.312  INFO 19166 --- [           main] o.hibernate.tool.hbm2ddl.TableMetadata   : HHH000037: Columns: [id, first_name, email, last_name, user_id]
2015-09-22 17:39:18.312  INFO 19166 --- [           main] o.hibernate.tool.hbm2ddl.TableMetadata   : HHH000108: Foreign keys: [fk_j7ja2xvrxudhvssosd4nu1o92]
2015-09-22 17:39:18.312  INFO 19166 --- [           main] o.hibernate.tool.hbm2ddl.TableMetadata   : HHH000126: Indexes: [primary, fk_j7ja2xvrxudhvssosd4nu1o92]
2015-09-22 17:39:18.318  INFO 19166 --- [           main] o.hibernate.tool.hbm2ddl.TableMetadata   : HHH000261: Table found: comments.harvest
2015-09-22 17:39:18.318  INFO 19166 --- [           main] o.hibernate.tool.hbm2ddl.TableMetadata   : HHH000037: Columns: [id, weight, harvest_date, user_id]
2015-09-22 17:39:18.318  INFO 19166 --- [           main] o.hibernate.tool.hbm2ddl.TableMetadata   : HHH000108: Foreign keys: [fk_17eb7k24o1wtgnsrbvdesa3o0]
2015-09-22 17:39:18.318  INFO 19166 --- [           main] o.hibernate.tool.hbm2ddl.TableMetadata   : HHH000126: Indexes: [fk_17eb7k24o1wtgnsrbvdesa3o0, primary]
2015-09-22 17:39:18.324  INFO 19166 --- [           main] o.hibernate.tool.hbm2ddl.TableMetadata   : HHH000261: Table found: comments.hive
2015-09-22 17:39:18.324  INFO 19166 --- [           main] o.hibernate.tool.hbm2ddl.TableMetadata   : HHH000037: Columns: [id, user_id, hive_state]
2015-09-22 17:39:18.324  INFO 19166 --- [           main] o.hibernate.tool.hbm2ddl.TableMetadata   : HHH000108: Foreign keys: [fk_kdi4fsisqiobwl31xumvjelf1]
2015-09-22 17:39:18.324  INFO 19166 --- [           main] o.hibernate.tool.hbm2ddl.TableMetadata   : HHH000126: Indexes: [fk_kdi4fsisqiobwl31xumvjelf1, primary]
2015-09-22 17:39:18.330  INFO 19166 --- [           main] o.hibernate.tool.hbm2ddl.TableMetadata   : HHH000261: Table found: comments.location
2015-09-22 17:39:18.331  INFO 19166 --- [           main] o.hibernate.tool.hbm2ddl.TableMetadata   : HHH000037: Columns: [beeid, location_name, user_id, locidd]
2015-09-22 17:39:18.331  INFO 19166 --- [           main] o.hibernate.tool.hbm2ddl.TableMetadata   : HHH000108: Foreign keys: [fk_e5jwd37ob25i4e7jwownmu08w, fk_k01d59p5sqi0nya9qb3kews6e]
2015-09-22 17:39:18.331  INFO 19166 --- [           main] o.hibernate.tool.hbm2ddl.TableMetadata   : HHH000126: Indexes: [primary, fk_e5jwd37ob25i4e7jwownmu08w, fk_k01d59p5sqi0nya9qb3kews6e]
2015-09-22 17:39:18.335  INFO 19166 --- [           main] o.hibernate.tool.hbm2ddl.TableMetadata   : HHH000261: Table found: comments.sales
2015-09-22 17:39:18.335  INFO 19166 --- [           main] o.hibernate.tool.hbm2ddl.TableMetadata   : HHH000037: Columns: [id, price, sales_date]
2015-09-22 17:39:18.335  INFO 19166 --- [           main] o.hibernate.tool.hbm2ddl.TableMetadata   : HHH000108: Foreign keys: []
2015-09-22 17:39:18.335  INFO 19166 --- [           main] o.hibernate.tool.hbm2ddl.TableMetadata   : HHH000126: Indexes: [primary]
2015-09-22 17:39:18.340  INFO 19166 --- [           main] o.hibernate.tool.hbm2ddl.TableMetadata   : HHH000261: Table found: comments.sub_location
2015-09-22 17:39:18.340  INFO 19166 --- [           main] o.hibernate.tool.hbm2ddl.TableMetadata   : HHH000037: Columns: [id, sub_location_name, user_id]
2015-09-22 17:39:18.340  INFO 19166 --- [           main] o.hibernate.tool.hbm2ddl.TableMetadata   : HHH000108: Foreign keys: [fk_1pisprlpwu1hefkphfxmb4pdp]
2015-09-22 17:39:18.340  INFO 19166 --- [           main] o.hibernate.tool.hbm2ddl.TableMetadata   : HHH000126: Indexes: [fk_1pisprlpwu1hefkphfxmb4pdp, primary]
2015-09-22 17:39:18.343  INFO 19166 --- [           main] o.hibernate.tool.hbm2ddl.TableMetadata   : HHH000261: Table found: comments.super
2015-09-22 17:39:18.343  INFO 19166 --- [           main] o.hibernate.tool.hbm2ddl.TableMetadata   : HHH000037: Columns: [id, super_state]
2015-09-22 17:39:18.344  INFO 19166 --- [           main] o.hibernate.tool.hbm2ddl.TableMetadata   : HHH000108: Foreign keys: []
2015-09-22 17:39:18.344  INFO 19166 --- [           main] o.hibernate.tool.hbm2ddl.TableMetadata   : HHH000126: Indexes: [primary]
2015-09-22 17:39:18.345  INFO 19166 --- [           main] org.hibernate.tool.hbm2ddl.SchemaUpdate  : HHH000232: Schema update complete
2015-09-22 17:39:18.792  WARN 19166 --- [           main] o.s.w.c.s.GenericWebApplicationContext   : Exception encountered during context initialization - cancelling refresh attempt

org.springframework.beans.factory.BeanCreationException: Error creating bean with name &apos;requestMappingHandlerMapping&apos; defined in class org.springframework.web.servlet.config.annotation.DelegatingWebMvcConfiguration: Bean instantiation via factory method failed; nested exception is org.springframework.beans.BeanInstantiationException: Failed to instantiate [org.springframework.web.servlet.mvc.method.annotation.RequestMappingHandlerMapping]: Factory method &apos;requestMappingHandlerMapping&apos; threw exception; nested exception is org.springframework.beans.factory.BeanCreationException: Error creating bean with name &apos;mvcConversionService&apos; defined in class org.springframework.web.servlet.config.annotation.DelegatingWebMvcConfiguration: Bean instantiation via factory method failed; nested exception is org.springframework.beans.BeanInstantiationException: Failed to instantiate [org.springframework.format.support.FormattingConversionService]: Factory method &apos;mvcConversionService&apos; threw exception; nested exception is org.springframework.beans.factory.BeanCreationException: Error creating bean with name &apos;beekeeperRepository&apos;: Invocation of init method failed; nested exception is org.springframework.data.mapping.PropertyReferenceException: No property code found for type Beekeeper!
	at org.springframework.beans.factory.support.ConstructorResolver.instantiateUsingFactoryMethod(ConstructorResolver.java:599)
	at org.springframework.beans.factory.support.AbstractAutowireCapableBeanFactory.instantiateUsingFactoryMethod(AbstractAutowireCapableBeanFactory.java:1119)
	at org.springframework.beans.factory.support.AbstractAutowireCapableBeanFactory.createBeanInstance(AbstractAutowireCapableBeanFactory.java:1014)
	at org.springframework.beans.factory.support.AbstractAutowireCapableBeanFactory.doCreateBean(AbstractAutowireCapableBeanFactory.java:504)
	at org.springframework.beans.factory.support.AbstractAutowireCapableBeanFactory.createBean(AbstractAutowireCapableBeanFactory.java:476)
	at org.springframework.beans.factory.support.AbstractBeanFactory$1.getObject(AbstractBeanFactory.java:303)
	at org.springframework.beans.factory.support.DefaultSingletonBeanRegistry.getSingleton(DefaultSingletonBeanRegistry.java:230)
	at org.springframework.beans.factory.support.AbstractBeanFactory.doGetBean(AbstractBeanFactory.java:299)
	at org.springframework.beans.factory.support.AbstractBeanFactory.getBean(AbstractBeanFactory.java:194)
	at org.springframework.beans.factory.support.DefaultListableBeanFactory.preInstantiateSingletons(DefaultListableBeanFactory.java:755)
	at org.springframework.context.support.AbstractApplicationContext.finishBeanFactoryInitialization(AbstractApplicationContext.java:757)
	at org.springframework.context.support.AbstractApplicationContext.refresh(AbstractApplicationContext.java:480)
	at org.springframework.boot.SpringApplication.refresh(SpringApplication.java:686)
	at org.springframework.boot.SpringApplication.run(SpringApplication.java:320)
	at org.springframework.boot.test.SpringApplicationContextLoader.loadContext(SpringApplicationContextLoader.java:101)
	at org.springframework.test.context.DefaultCacheAwareContextLoaderDelegate.loadContextInternal(DefaultCacheAwareContextLoaderDelegate.java:68)
	at org.springframework.test.context.DefaultCacheAwareContextLoaderDelegate.loadContext(DefaultCacheAwareContextLoaderDelegate.java:86)
	at org.springframework.test.context.DefaultTestContext.getApplicationContext(DefaultTestContext.java:72)
	at org.springframework.test.context.web.ServletTestExecutionListener.setUpRequestContextIfNecessary(ServletTestExecutionListener.java:170)
	at org.springframework.test.context.web.ServletTestExecutionListener.prepareTestInstance(ServletTestExecutionListener.java:110)
	at org.springframework.test.context.TestContextManager.prepareTestInstance(TestContextManager.java:212)
	at org.springframework.test.context.testng.AbstractTestNGSpringContextTests.springTestContextPrepareTestInstance(AbstractTestNGSpringContextTests.java:145)
	at sun.reflect.NativeMethodAccessorImpl.invoke0(Native Method)
	at sun.reflect.NativeMethodAccessorImpl.invoke(NativeMethodAccessorImpl.java:57)
	at sun.reflect.DelegatingMethodAccessorImpl.invoke(DelegatingMethodAccessorImpl.java:43)
	at java.lang.reflect.Method.invoke(Method.java:606)
	at org.testng.internal.MethodInvocationHelper.invokeMethod(MethodInvocationHelper.java:85)
	at org.testng.internal.Invoker.invokeConfigurationMethod(Invoker.java:552)
	at org.testng.internal.Invoker.invokeConfigurations(Invoker.java:215)
	at org.testng.internal.Invoker.invokeConfigurations(Invoker.java:140)
	at org.testng.internal.TestMethodWorker.invokeBeforeClassMethods(TestMethodWorker.java:170)
	at org.testng.internal.TestMethodWorker.run(TestMethodWorker.java:104)
	at org.testng.TestRunner.privateRun(TestRunner.java:767)
	at org.testng.TestRunner.run(TestRunner.java:617)
	at org.testng.SuiteRunner.runTest(SuiteRunner.java:348)
	at org.testng.SuiteRunner.runSequentially(SuiteRunner.java:343)
	at org.testng.SuiteRunner.privateRun(SuiteRunner.java:305)
	at org.testng.SuiteRunner.run(SuiteRunner.java:254)
	at org.testng.SuiteRunnerWorker.runSuite(SuiteRunnerWorker.java:52)
	at org.testng.SuiteRunnerWorker.run(SuiteRunnerWorker.java:86)
	at org.testng.TestNG.runSuitesSequentially(TestNG.java:1224)
	at org.testng.TestNG.runSuitesLocally(TestNG.java:1149)
	at org.testng.TestNG.run(TestNG.java:1057)
	at org.apache.maven.surefire.testng.TestNGExecutor.run(TestNGExecutor.java:70)
	at org.apache.maven.surefire.testng.TestNGDirectoryTestSuite.executeMulti(TestNGDirectoryTestSuite.java:158)
	at org.apache.maven.surefire.testng.TestNGDirectoryTestSuite.execute(TestNGDirectoryTestSuite.java:98)
	at org.apache.maven.surefire.testng.TestNGProvider.invoke(TestNGProvider.java:111)
	at sun.reflect.NativeMethodAccessorImpl.invoke0(Native Method)
	at sun.reflect.NativeMethodAccessorImpl.invoke(NativeMethodAccessorImpl.java:57)
	at sun.reflect.DelegatingMethodAccessorImpl.invoke(DelegatingMethodAccessorImpl.java:43)
	at java.lang.reflect.Method.invoke(Method.java:606)
	at org.apache.maven.surefire.util.ReflectionUtils.invokeMethodWithArray(ReflectionUtils.java:164)
	at org.apache.maven.surefire.booter.ProviderFactory$ProviderProxy.invoke(ProviderFactory.java:110)
	at org.apache.maven.surefire.booter.SurefireStarter.invokeProvider(SurefireStarter.java:175)
	at org.apache.maven.surefire.booter.SurefireStarter.runSuitesInProcessWhenForked(SurefireStarter.java:107)
	at org.apache.maven.surefire.booter.ForkedBooter.main(ForkedBooter.java:68)
Caused by: org.springframework.beans.BeanInstantiationException: Failed to instantiate [org.springframework.web.servlet.mvc.method.annotation.RequestMappingHandlerMapping]: Factory method &apos;requestMappingHandlerMapping&apos; threw exception; nested exception is org.springframework.beans.factory.BeanCreationException: Error creating bean with name &apos;mvcConversionService&apos; defined in class org.springframework.web.servlet.config.annotation.DelegatingWebMvcConfiguration: Bean instantiation via factory method failed; nested exception is org.springframework.beans.BeanInstantiationException: Failed to instantiate [org.springframework.format.support.FormattingConversionService]: Factory method &apos;mvcConversionService&apos; threw exception; nested exception is org.springframework.beans.factory.BeanCreationException: Error creating bean with name &apos;beekeeperRepository&apos;: Invocation of init method failed; nested exception is org.springframework.data.mapping.PropertyReferenceException: No property code found for type Beekeeper!
	at org.springframework.beans.factory.support.SimpleInstantiationStrategy.instantiate(SimpleInstantiationStrategy.java:189)
	at org.springframework.beans.factory.support.ConstructorResolver.instantiateUsingFactoryMethod(ConstructorResolver.java:588)
	... 55 common frames omitted
Caused by: org.springframework.beans.factory.BeanCreationException: Error creating bean with name &apos;mvcConversionService&apos; defined in class org.springframework.web.servlet.config.annotation.DelegatingWebMvcConfiguration: Bean instantiation via factory method failed; nested exception is org.springframework.beans.BeanInstantiationException: Failed to instantiate [org.springframework.format.support.FormattingConversionService]: Factory method &apos;mvcConversionService&apos; threw exception; nested exception is org.springframework.beans.factory.BeanCreationException: Error creating bean with name &apos;beekeeperRepository&apos;: Invocation of init method failed; nested exception is org.springframework.data.mapping.PropertyReferenceException: No property code found for type Beekeeper!
	at org.springframework.beans.factory.support.ConstructorResolver.instantiateUsingFactoryMethod(ConstructorResolver.java:599)
	at org.springframework.beans.factory.support.AbstractAutowireCapableBeanFactory.instantiateUsingFactoryMethod(AbstractAutowireCapableBeanFactory.java:1119)
	at org.springframework.beans.factory.support.AbstractAutowireCapableBeanFactory.createBeanInstance(AbstractAutowireCapableBeanFactory.java:1014)
	at org.springframework.beans.factory.support.AbstractAutowireCapableBeanFactory.doCreateBean(AbstractAutowireCapableBeanFactory.java:504)
	at org.springframework.beans.factory.support.AbstractAutowireCapableBeanFactory.createBean(AbstractAutowireCapableBeanFactory.java:476)
	at org.springframework.beans.factory.support.AbstractBeanFactory$1.getObject(AbstractBeanFactory.java:303)
	at org.springframework.beans.factory.support.DefaultSingletonBeanRegistry.getSingleton(DefaultSingletonBeanRegistry.java:230)
	at org.springframework.beans.factory.support.AbstractBeanFactory.doGetBean(AbstractBeanFactory.java:299)
	at org.springframework.beans.factory.support.AbstractBeanFactory.getBean(AbstractBeanFactory.java:194)
	at org.springframework.context.annotation.ConfigurationClassEnhancer$BeanMethodInterceptor.intercept(ConfigurationClassEnhancer.java:322)
	at org.springframework.web.servlet.config.annotation.DelegatingWebMvcConfiguration$$EnhancerBySpringCGLIB$$979b0389.mvcConversionService(&lt;generated&gt;)
	at org.springframework.web.servlet.config.annotation.WebMvcConfigurationSupport.getInterceptors(WebMvcConfigurationSupport.java:260)
	at org.springframework.web.servlet.config.annotation.WebMvcConfigurationSupport.requestMappingHandlerMapping(WebMvcConfigurationSupport.java:228)
	at org.springframework.web.servlet.config.annotation.DelegatingWebMvcConfiguration$$EnhancerBySpringCGLIB$$979b0389.CGLIB$requestMappingHandlerMapping$17(&lt;generated&gt;)
	at org.springframework.web.servlet.config.annotation.DelegatingWebMvcConfiguration$$EnhancerBySpringCGLIB$$979b0389$$FastClassBySpringCGLIB$$8bc5a953.invoke(&lt;generated&gt;)
	at org.springframework.cglib.proxy.MethodProxy.invokeSuper(MethodProxy.java:228)
	at org.springframework.context.annotation.ConfigurationClassEnhancer$BeanMethodInterceptor.intercept(ConfigurationClassEnhancer.java:309)
	at org.springframework.web.servlet.config.annotation.DelegatingWebMvcConfiguration$$EnhancerBySpringCGLIB$$979b0389.requestMappingHandlerMapping(&lt;generated&gt;)
	at sun.reflect.NativeMethodAccessorImpl.invoke0(Native Method)
	at sun.reflect.NativeMethodAccessorImpl.invoke(NativeMethodAccessorImpl.java:57)
	at sun.reflect.DelegatingMethodAccessorImpl.invoke(DelegatingMethodAccessorImpl.java:43)
	at java.lang.reflect.Method.invoke(Method.java:606)
	at org.springframework.beans.factory.support.SimpleInstantiationStrategy.instantiate(SimpleInstantiationStrategy.java:162)
	... 56 common frames omitted
Caused by: org.springframework.beans.BeanInstantiationException: Failed to instantiate [org.springframework.format.support.FormattingConversionService]: Factory method &apos;mvcConversionService&apos; threw exception; nested exception is org.springframework.beans.factory.BeanCreationException: Error creating bean with name &apos;beekeeperRepository&apos;: Invocation of init method failed; nested exception is org.springframework.data.mapping.PropertyReferenceException: No property code found for type Beekeeper!
	at org.springframework.beans.factory.support.SimpleInstantiationStrategy.instantiate(SimpleInstantiationStrategy.java:189)
	at org.springframework.beans.factory.support.ConstructorResolver.instantiateUsingFactoryMethod(ConstructorResolver.java:588)
	... 78 common frames omitted
Caused by: org.springframework.beans.factory.BeanCreationException: Error creating bean with name &apos;beekeeperRepository&apos;: Invocation of init method failed; nested exception is org.springframework.data.mapping.PropertyReferenceException: No property code found for type Beekeeper!
	at org.springframework.beans.factory.support.AbstractAutowireCapableBeanFactory.initializeBean(AbstractAutowireCapableBeanFactory.java:1574)
	at org.springframework.beans.factory.support.AbstractAutowireCapableBeanFactory.doCreateBean(AbstractAutowireCapableBeanFactory.java:539)
	at org.springframework.beans.factory.support.AbstractAutowireCapableBeanFactory.createBean(AbstractAutowireCapableBeanFactory.java:476)
	at org.springframework.beans.factory.support.AbstractBeanFactory$1.getObject(AbstractBeanFactory.java:303)
	at org.springframework.beans.factory.support.DefaultSingletonBeanRegistry.getSingleton(DefaultSingletonBeanRegistry.java:230)
	at org.springframework.beans.factory.support.AbstractBeanFactory.doGetBean(AbstractBeanFactory.java:299)
	at org.springframework.beans.factory.support.AbstractBeanFactory.getBean(AbstractBeanFactory.java:199)
	at org.springframework.context.support.AbstractApplicationContext.getBean(AbstractApplicationContext.java:962)
	at org.springframework.data.repository.support.Repositories.populateRepositoryFactoryInformation(Repositories.java:93)
	at org.springframework.data.repository.support.Repositories.&lt;init&gt;(Repositories.java:84)
	at org.springframework.data.repository.support.DomainClassConverter.setApplicationContext(DomainClassConverter.java:105)
	at org.springframework.data.web.config.SpringDataWebConfiguration.registerDomainClassConverterFor(SpringDataWebConfiguration.java:80)
	at org.springframework.data.web.config.SpringDataWebConfiguration.addFormatters(SpringDataWebConfiguration.java:73)
	at org.springframework.web.servlet.config.annotation.WebMvcConfigurerComposite.addFormatters(WebMvcConfigurerComposite.java:49)
	at org.springframework.web.servlet.config.annotation.DelegatingWebMvcConfiguration.addFormatters(DelegatingWebMvcConfiguration.java:117)
	at org.springframework.web.servlet.config.annotation.WebMvcConfigurationSupport.mvcConversionService(WebMvcConfigurationSupport.java:506)
	at org.springframework.web.servlet.config.annotation.DelegatingWebMvcConfiguration$$EnhancerBySpringCGLIB$$979b0389.CGLIB$mvcConversionService$28(&lt;generated&gt;)
	at org.springframework.web.servlet.config.annotation.DelegatingWebMvcConfiguration$$EnhancerBySpringCGLIB$$979b0389$$FastClassBySpringCGLIB$$8bc5a953.invoke(&lt;generated&gt;)
	at org.springframework.cglib.proxy.MethodProxy.invokeSuper(MethodProxy.java:228)
	at org.springframework.context.annotation.ConfigurationClassEnhancer$BeanMethodInterceptor.intercept(ConfigurationClassEnhancer.java:309)
	at org.springframework.web.servlet.config.annotation.DelegatingWebMvcConfiguration$$EnhancerBySpringCGLIB$$979b0389.mvcConversionService(&lt;generated&gt;)
	at sun.reflect.NativeMethodAccessorImpl.invoke0(Native Method)
	at sun.reflect.NativeMethodAccessorImpl.invoke(NativeMethodAccessorImpl.java:57)
	at sun.reflect.DelegatingMethodAccessorImpl.invoke(DelegatingMethodAccessorImpl.java:43)
	at java.lang.reflect.Method.invoke(Method.java:606)
	at org.springframework.beans.factory.support.SimpleInstantiationStrategy.instantiate(SimpleInstantiationStrategy.java:162)
	... 79 common frames omitted
Caused by: org.springframework.data.mapping.PropertyReferenceException: No property code found for type Beekeeper!
	at org.springframework.data.mapping.PropertyPath.&lt;init&gt;(PropertyPath.java:75)
	at org.springframework.data.mapping.PropertyPath.create(PropertyPath.java:327)
	at org.springframework.data.mapping.PropertyPath.create(PropertyPath.java:307)
	at org.springframework.data.mapping.PropertyPath.from(PropertyPath.java:270)
	at org.springframework.data.mapping.PropertyPath.from(PropertyPath.java:241)
	at org.springframework.data.repository.query.parser.Part.&lt;init&gt;(Part.java:76)
	at org.springframework.data.repository.query.parser.PartTree$OrPart.&lt;init&gt;(PartTree.java:235)
	at org.springframework.data.repository.query.parser.PartTree$Predicate.buildTree(PartTree.java:373)
	at org.springframework.data.repository.query.parser.PartTree$Predicate.&lt;init&gt;(PartTree.java:353)
	at org.springframework.data.repository.query.parser.PartTree.&lt;init&gt;(PartTree.java:87)
	at org.springframework.data.jpa.repository.query.PartTreeJpaQuery.&lt;init&gt;(PartTreeJpaQuery.java:61)
	at org.springframework.data.jpa.repository.query.JpaQueryLookupStrategy$CreateQueryLookupStrategy.resolveQuery(JpaQueryLookupStrategy.java:94)
	at org.springframework.data.jpa.repository.query.JpaQueryLookupStrategy$CreateIfNotFoundQueryLookupStrategy.resolveQuery(JpaQueryLookupStrategy.java:205)
	at org.springframework.data.jpa.repository.query.JpaQueryLookupStrategy$AbstractQueryLookupStrategy.resolveQuery(JpaQueryLookupStrategy.java:72)
	at org.springframework.data.repository.core.support.RepositoryFactorySupport$QueryExecutorMethodInterceptor.&lt;init&gt;(RepositoryFactorySupport.java:349)
	at org.springframework.data.repository.core.support.RepositoryFactorySupport.getRepository(RepositoryFactorySupport.java:187)
	at org.springframework.data.repository.core.support.RepositoryFactoryBeanSupport.initAndReturn(RepositoryFactoryBeanSupport.java:239)
	at org.springframework.data.repository.core.support.RepositoryFactoryBeanSupport.afterPropertiesSet(RepositoryFactoryBeanSupport.java:225)
	at org.springframework.data.jpa.repository.support.JpaRepositoryFactoryBean.afterPropertiesSet(JpaRepositoryFactoryBean.java:92)
	at org.springframework.beans.factory.support.AbstractAutowireCapableBeanFactory.invokeInitMethods(AbstractAutowireCapableBeanFactory.java:1633)
	at org.springframework.beans.factory.support.AbstractAutowireCapableBeanFactory.initializeBean(AbstractAutowireCapableBeanFactory.java:1570)
	... 104 common frames omitted

2015-09-22 17:39:18.796  INFO 19166 --- [           main] j.LocalContainerEntityManagerFactoryBean : Closing JPA EntityManagerFactory for persistence unit &apos;default&apos;
2015-09-22 17:39:18.813  INFO 19166 --- [           main] .b.l.ClasspathLoggingApplicationListener : Application failed to start with classpath: [file:/home/student/Desktop/discuss/target/surefire/surefirebooter4704436900218466504.jar]
2015-09-22 17:39:19.027  INFO 19166 --- [           main] utoConfigurationReportLoggingInitializer : 

Error starting ApplicationContext. To display the auto-configuration report enabled debug logging (start with --debug)


2015-09-22 17:39:19.029 ERROR 19166 --- [           main] o.s.boot.SpringApplication               : Application startup failed

org.springframework.beans.factory.BeanCreationException: Error creating bean with name &apos;requestMappingHandlerMapping&apos; defined in class org.springframework.web.servlet.config.annotation.DelegatingWebMvcConfiguration: Bean instantiation via factory method failed; nested exception is org.springframework.beans.BeanInstantiationException: Failed to instantiate [org.springframework.web.servlet.mvc.method.annotation.RequestMappingHandlerMapping]: Factory method &apos;requestMappingHandlerMapping&apos; threw exception; nested exception is org.springframework.beans.factory.BeanCreationException: Error creating bean with name &apos;mvcConversionService&apos; defined in class org.springframework.web.servlet.config.annotation.DelegatingWebMvcConfiguration: Bean instantiation via factory method failed; nested exception is org.springframework.beans.BeanInstantiationException: Failed to instantiate [org.springframework.format.support.FormattingConversionService]: Factory method &apos;mvcConversionService&apos; threw exception; nested exception is org.springframework.beans.factory.BeanCreationException: Error creating bean with name &apos;beekeeperRepository&apos;: Invocation of init method failed; nested exception is org.springframework.data.mapping.PropertyReferenceException: No property code found for type Beekeeper!
	at org.springframework.beans.factory.support.ConstructorResolver.instantiateUsingFactoryMethod(ConstructorResolver.java:599)
	at org.springframework.beans.factory.support.AbstractAutowireCapableBeanFactory.instantiateUsingFactoryMethod(AbstractAutowireCapableBeanFactory.java:1119)
	at org.springframework.beans.factory.support.AbstractAutowireCapableBeanFactory.createBeanInstance(AbstractAutowireCapableBeanFactory.java:1014)
	at org.springframework.beans.factory.support.AbstractAutowireCapableBeanFactory.doCreateBean(AbstractAutowireCapableBeanFactory.java:504)
[...]
	at org.springframework.beans.factory.support.SimpleInstantiationStrategy.instantiate(SimpleInstantiationStrategy.java:189)
	at org.springframework.beans.factory.support.ConstructorResolver.instantiateUsingFactoryMethod(ConstructorResolver.java:588)
	... 55 common frames omitted
Caused by: org.springframework.beans.factory.BeanCreationException: Error creating bean with name &apos;mvcConversionService&apos; defined in class org.springframework.web.servlet.config.annotation.DelegatingWebMvcConfiguration: Bean instantiation via factory method failed; nested exception is org.springframework.beans.BeanInstantiationException: Failed to instantiate [org.springframework.format.support.FormattingConversionService]: Factory method &apos;mvcConversionService&apos; threw exception; nested exception is org.springframework.beans.factory.BeanCreationException: Error creating bean with name &apos;beekeeperRepository&apos;: Invocation of init method failed; nested exception is org.springframework.data.mapping.PropertyReferenceException: No property code found for type Beekeeper!
	at org.springframework.beans.factory.support.ConstructorResolver.instantiateUsingFactoryMethod(ConstructorResolver.java:599)
	at org.springframework.beans.factory.support.AbstractAutowireCapableBeanFactory.instantiateUsingFactoryMethod(AbstractAutowireCapableBeanFactory.java:1119)
	at org.springframework.beans.factory.support.AbstractAutowireCapableBeanFactory.createBeanInstance(AbstractAutowireCapableBeanFactory.java:1014)
	at org.springframework.beans.factory.support.AbstractAutowireCapableBeanFactory.doCreateBean(AbstractAutowireCapableBeanFactory.java:504)
	at org.springframework.beans.factory.support.AbstractAutowireCapableBeanFactory.createBean(AbstractAutowireCapableBeanFactory.java:476)
	at org.springframework.beans.factory.support.AbstractBeanFactory$1.getObject(AbstractBeanFactory.java:303)
	at org.springframework.beans.factory.support.DefaultSingletonBeanRegistry.getSingleton(DefaultSingletonBeanRegistry.java:230)
	at org.springframework.beans.factory.support.AbstractBeanFactory.doGetBean(AbstractBeanFactory.java:299)
	at org.springframework.beans.factory.support.AbstractBeanFactory.getBean(AbstractBeanFactory.java:194)
	at org.springframework.context.annotation.ConfigurationClassEnhancer$BeanMethodInterceptor.intercept(ConfigurationClassEnhancer.java:322)
	at org.springframework.web.servlet.config.annotation.DelegatingWebMvcConfiguration$$EnhancerBySpringCGLIB$$979b0389.mvcConversionService(&lt;generated&gt;)
	at org.springframework.web.servlet.config.annotation.WebMvcConfigurationSupport.getInterceptors(WebMvcConfigurationSupport.java:260)
	at org.springframework.web.servlet.config.annotation.WebMvcConfigurationSupport.requestMappingHandlerMapping(WebMvcConfigurationSupport.java:228)
	at org.springframework.web.servlet.config.annotation.DelegatingWebMvcConfiguration$$EnhancerBySpringCGLIB$$979b0389.CGLIB$requestMappingHandlerMapping$17(&lt;generated&gt;)
	at org.springframework.web.servlet.config.annotation.DelegatingWebMvcConfiguration$$EnhancerBySpringCGLIB$$979b0389$$FastClassBySpringCGLIB$$8bc5a953.invoke(&lt;generated&gt;)
	at org.springframework.cglib.proxy.MethodProxy.invokeSuper(MethodProxy.java:228)
	at org.springframework.context.annotation.ConfigurationClassEnhancer$BeanMethodInterceptor.intercept(ConfigurationClassEnhancer.java:309)
	at org.springframework.web.servlet.config.annotation.DelegatingWebMvcConfiguration$$EnhancerBySpringCGLIB$$979b0389.requestMappingHandlerMapping(&lt;generated&gt;)
	at sun.reflect.NativeMethodAccessorImpl.invoke0(Native Method)
	at sun.reflect.NativeMethodAccessorImpl.invoke(NativeMethodAccessorImpl.java:57)
	at sun.reflect.DelegatingMethodAccessorImpl.invoke(DelegatingMethodAccessorImpl.java:43)
	at java.lang.reflect.Method.invoke(Method.java:606)
	at org.springframework.beans.factory.support.SimpleInstantiationStrategy.instantiate(SimpleInstantiationStrategy.java:162)
	... 56 common frames omitted
Caused by: org.springframework.beans.BeanInstantiationException: Failed to instantiate [org.springframework.format.support.FormattingConversionService]: Factory method &apos;mvcConversionService&apos; threw exception; nested exception is org.springframework.beans.factory.BeanCreationException: Error creating bean with name &apos;beekeeperRepository&apos;: Invocation of init method failed; nested exception is org.springframework.data.mapping.PropertyReferenceException: No property code found for type Beekeeper!
	at org.springframework.beans.factory.support.SimpleInstantiationStrategy.instantiate(SimpleInstantiationStrategy.java:189)
	at org.springframework.beans.factory.support.ConstructorResolver.instantiateUsingFactoryMethod(ConstructorResolver.java:588)
	... 78 common frames omitted
Caused by: org.springframework.beans.factory.BeanCreationException: Error creating bean with name &apos;beekeeperRepository&apos;: Invocation of init method failed; nested exception is org.springframework.data.mapping.PropertyReferenceException: No property code found for type Beekeeper!
	at org.springframework.beans.factory.support.AbstractAutowireCapableBeanFactory.initializeBean(AbstractAutowireCapableBeanFactory.java:1574)
	at org.springframework.beans.factory.support.AbstractAutowireCapableBeanFactory.doCreateBean(AbstractAutowireCapableBeanFactory.java:539)
	at org.springframework.beans.factory.support.AbstractAutowireCapableBeanFactory.createBean(AbstractAutowireCapableBeanFactory.java:476)
	at org.springframework.beans.factory.support.AbstractBeanFactory$1.getObject(AbstractBeanFactory.java:303)
	at org.springframework.beans.factory.support.DefaultSingletonBeanRegistry.getSingleton(DefaultSingletonBeanRegistry.java:230)
	at org.springframework.beans.factory.support.AbstractBeanFactory.doGetBean(AbstractBeanFactory.java:299)
	at org.springframework.beans.factory.support.AbstractBeanFactory.getBean(AbstractBeanFactory.java:199)
	at org.springframework.context.support.AbstractApplicationContext.getBean(AbstractApplicationContext.java:962)
	at org.springframework.data.repository.support.Repositories.populateRepositoryFactoryInformation(Repositories.java:93)
	at org.springframework.data.repository.support.Repositories.&lt;init&gt;(Repositories.java:84)
	at org.springframework.data.repository.support.DomainClassConverter.setApplicationContext(DomainClassConverter.java:105)
	at org.springframework.data.web.config.SpringDataWebConfiguration.registerDomainClassConverterFor(SpringDataWebConfiguration.java:80)
	at org.springframework.data.web.config.SpringDataWebConfiguration.addFormatters(SpringDataWebConfiguration.java:73)
	at org.springframework.web.servlet.config.annotation.WebMvcConfigurerComposite.addFormatters(WebMvcConfigurerComposite.java:49)
	at org.springframework.web.servlet.config.annotation.DelegatingWebMvcConfiguration.addFormatters(DelegatingWebMvcConfiguration.java:117)
	at org.springframework.web.servlet.config.annotation.WebMvcConfigurationSupport.mvcConversionService(WebMvcConfigurationSupport.java:506)
	at org.springframework.web.servlet.config.annotation.DelegatingWebMvcConfiguration$$EnhancerBySpringCGLIB$$979b0389.CGLIB$mvcConversionService$28(&lt;generated&gt;)
	at org.springframework.web.servlet.config.annotation.DelegatingWebMvcConfiguration$$EnhancerBySpringCGLIB$$979b0389$$FastClassBySpringCGLIB$$8bc5a953.invoke(&lt;generated&gt;)
	at org.springframework.cglib.proxy.MethodProxy.invokeSuper(MethodProxy.java:228)
	at org.springframework.context.annotation.ConfigurationClassEnhancer$BeanMethodInterceptor.intercept(ConfigurationClassEnhancer.java:309)
	at org.springframework.web.servlet.config.annotation.DelegatingWebMvcConfiguration$$EnhancerBySpringCGLIB$$979b0389.mvcConversionService(&lt;generated&gt;)
	at sun.reflect.NativeMethodAccessorImpl.invoke0(Native Method)
	at sun.reflect.NativeMethodAccessorImpl.invoke(NativeMethodAccessorImpl.java:57)
	at sun.reflect.DelegatingMethodAccessorImpl.invoke(DelegatingMethodAccessorImpl.java:43)
	at java.lang.reflect.Method.invoke(Method.java:606)
	at org.springframework.beans.factory.support.SimpleInstantiationStrategy.instantiate(SimpleInstantiationStrategy.java:162)
	... 79 common frames omitted
Caused by: org.springframework.data.mapping.PropertyReferenceException: No property code found for type Beekeeper!
	at org.springframework.data.mapping.PropertyPath.&lt;init&gt;(PropertyPath.java:75)
	at org.springframework.data.mapping.PropertyPath.create(PropertyPath.java:327)
	at org.springframework.data.mapping.PropertyPath.create(PropertyPath.java:307)
	at org.springframework.data.mapping.PropertyPath.from(PropertyPath.java:270)
	at org.springframework.data.mapping.PropertyPath.from(PropertyPath.java:241)
	at org.springframework.data.repository.query.parser.Part.&lt;init&gt;(Part.java:76)
	at org.springframework.data.repository.query.parser.PartTree$OrPart.&lt;init&gt;(PartTree.java:235)
	at org.springframework.data.repository.query.parser.PartTree$Predicate.buildTree(PartTree.java:373)
	at org.springframework.data.repository.query.parser.PartTree$Predicate.&lt;init&gt;(PartTree.java:353)
	at org.springframework.data.repository.query.parser.PartTree.&lt;init&gt;(PartTree.java:87)
	at org.springframework.data.jpa.repository.query.PartTreeJpaQuery.&lt;init&gt;(PartTreeJpaQuery.java:61)
	at org.springframework.data.jpa.repository.query.JpaQueryLookupStrategy$CreateQueryLookupStrategy.resolveQuery(JpaQueryLookupStrategy.java:94)
	at org.springframework.data.jpa.repository.query.JpaQueryLookupStrategy$CreateIfNotFoundQueryLookupStrategy.resolveQuery(JpaQueryLookupStrategy.java:205)
	at org.springframework.data.jpa.repository.query.JpaQueryLookupStrategy$AbstractQueryLookupStrategy.resolveQuery(JpaQueryLookupStrategy.java:72)
	at org.springframework.data.repository.core.support.RepositoryFactorySupport$QueryExecutorMethodInterceptor.&lt;init&gt;(RepositoryFactorySupport.java:349)
	at org.springframework.data.repository.core.support.RepositoryFactorySupport.getRepository(RepositoryFactorySupport.java:187)
	at org.springframework.data.repository.core.support.RepositoryFactoryBeanSupport.initAndReturn(RepositoryFactoryBeanSupport.java:239)
	at org.springframework.data.repository.core.support.RepositoryFactoryBeanSupport.afterPropertiesSet(RepositoryFactoryBeanSupport.java:225)
	at org.springframework.data.jpa.repository.support.JpaRepositoryFactoryBean.afterPropertiesSet(JpaRepositoryFactoryBean.java:92)
	at org.springframework.beans.factory.support.AbstractAutowireCapableBeanFactory.invokeInitMethods(AbstractAutowireCapableBeanFactory.java:1633)
	at org.springframework.beans.factory.support.AbstractAutowireCapableBeanFactory.initializeBean(AbstractAutowireCapableBeanFactory.java:1570)
	... 104 common frames omitted

</system-out>
  </testcase>
  <testcase time="0.003" classname="discuss.repositories.BeekeeperCrudTest" name="springTestContextBeforeTestMethod">
    <skipped/>
  </testcase>
  <testcase time="0" classname="discuss.repositories.BeekeeperCrudTest" name="create">
    <skipped/>
  </testcase>
  <testcase time="0.002" classname="discuss.factories.BeekeeperFactoryTest" name="testCreate"/>
  <testcase time="0.001" classname="discuss.factories.BeekeeperFactoryTest" name="testUpdate"/>
  <testcase time="0.001" classname="discuss.repositories.BucketCrudTest" name="springTestContextBeforeTestClass">
    <skipped/>
  </testcase>
  <testcase time="0.001" classname="discuss.repositories.BucketCrudTest" name="springTestContextPrepareTestInstance">
    <skipped/>
  </testcase>
  <testcase time="0.002" classname="discuss.repositories.BucketCrudTest" name="springTestContextBeforeTestMethod">
    <skipped/>
  </testcase>
  <testcase time="0" classname="discuss.repositories.BucketCrudTest" name="create">
    <skipped/>
  </testcase>
  <testcase time="0.001" classname="discuss.factories.BucketFactoryTest" name="testCreate"/>
  <testcase time="0" classname="discuss.factories.BucketFactoryTest" name="testUpdate"/>
  <testcase time="0.001" classname="discuss.repositories.CustomerCrudTest" name="springTestContextBeforeTestClass">
    <skipped/>
  </testcase>
  <testcase time="0.001" classname="discuss.repositories.CustomerCrudTest" name="springTestContextPrepareTestInstance">
    <skipped/>
  </testcase>
  <testcase time="0.001" classname="discuss.repositories.CustomerCrudTest" name="springTestContextBeforeTestMethod">
    <skipped/>
  </testcase>
  <testcase time="0" classname="discuss.repositories.CustomerCrudTest" name="create">
    <skipped/>
  </testcase>
  <testcase time="0.001" classname="discuss.factories.CustomerFactoryTest" name="testCreate"/>
  <testcase time="0" classname="discuss.factories.CustomerFactoryTest" name="testUpdate"/>
  <testcase time="0" classname="discuss.repositories.HarvestCrudTest" name="springTestContextBeforeTestClass">
    <skipped/>
  </testcase>
  <testcase time="0" classname="discuss.repositories.HarvestCrudTest" name="springTestContextPrepareTestInstance">
    <skipped/>
  </testcase>
  <testcase time="0.001" classname="discuss.repositories.HarvestCrudTest" name="springTestContextBeforeTestMethod">
    <skipped/>
  </testcase>
  <testcase time="0" classname="discuss.repositories.HarvestCrudTest" name="create">
    <skipped/>
  </testcase>
  <testcase time="0.001" classname="discuss.factories.HarvestFactoryTest" name="testCreate"/>
  <testcase time="0" classname="discuss.factories.HarvestFactoryTest" name="testUpdate"/>
  <testcase time="0" classname="discuss.repositories.HiveCrudTest" name="springTestContextBeforeTestClass">
    <skipped/>
  </testcase>
  <testcase time="0" classname="discuss.repositories.HiveCrudTest" name="springTestContextPrepareTestInstance">
    <skipped/>
  </testcase>
  <testcase time="0.001" classname="discuss.repositories.HiveCrudTest" name="springTestContextBeforeTestMethod">
    <skipped/>
  </testcase>
  <testcase time="0" classname="discuss.repositories.HiveCrudTest" name="create">
    <skipped/>
  </testcase>
  <testcase time="0.001" classname="discuss.factories.HiveFactoryTest" name="testCreate"/>
  <testcase time="0" classname="discuss.factories.HiveFactoryTest" name="testUpdate"/>
  <testcase time="0" classname="discuss.repositories.LocationCrudTest" name="springTestContextBeforeTestClass">
    <skipped/>
  </testcase>
  <testcase time="0" classname="discuss.repositories.LocationCrudTest" name="springTestContextPrepareTestInstance">
    <skipped/>
  </testcase>
  <testcase time="0" classname="discuss.repositories.LocationCrudTest" name="springTestContextBeforeTestMethod">
    <skipped/>
  </testcase>
  <testcase time="0" classname="discuss.repositories.LocationCrudTest" name="create">
    <skipped/>
  </testcase>
  <testcase time="0" classname="discuss.factories.LocationFactoryTest" name="testCreate"/>
  <testcase time="0" classname="discuss.factories.LocationFactoryTest" name="testUpdate"/>
  <testcase time="0" classname="discuss.repositories.SalesCrudTest" name="springTestContextBeforeTestClass">
    <skipped/>
  </testcase>
  <testcase time="0" classname="discuss.repositories.SalesCrudTest" name="springTestContextPrepareTestInstance">
    <skipped/>
  </testcase>
  <testcase time="0" classname="discuss.repositories.SalesCrudTest" name="springTestContextBeforeTestMethod">
    <skipped/>
  </testcase>
  <testcase time="0" classname="discuss.repositories.SalesCrudTest" name="create">
    <skipped/>
  </testcase>
  <testcase time="0" classname="discuss.factories.SalesFactoryTest" name="testCreate"/>
  <testcase time="0.001" classname="discuss.factories.SalesFactoryTest" name="testUpdate"/>
  <testcase time="0.001" classname="discuss.repositories.SubLocationCrudTest" name="springTestContextBeforeTestClass">
    <skipped/>
  </testcase>
  <testcase time="0.001" classname="discuss.repositories.SubLocationCrudTest" name="springTestContextPrepareTestInstance">
    <skipped/>
  </testcase>
  <testcase time="0.001" classname="discuss.repositories.SubLocationCrudTest" name="springTestContextBeforeTestMethod">
    <skipped/>
  </testcase>
  <testcase time="0" classname="discuss.repositories.SubLocationCrudTest" name="create">
    <skipped/>
  </testcase>
  <testcase time="0" classname="discuss.factories.SubLocationFactoryTest" name="testCreate"/>
  <testcase time="0" classname="discuss.factories.SubLocationFactoryTest" name="testUpdate"/>
  <testcase time="0.001" classname="discuss.repositories.SuperCrudTest" name="springTestContextBeforeTestClass">
    <skipped/>
  </testcase>
  <testcase time="0.001" classname="discuss.repositories.SuperCrudTest" name="springTestContextPrepareTestInstance">
    <skipped/>
  </testcase>
  <testcase time="0.001" classname="discuss.repositories.SuperCrudTest" name="springTestContextBeforeTestMethod">
    <skipped/>
  </testcase>
  <testcase time="0" classname="discuss.repositories.SuperCrudTest" name="create">
    <skipped/>
  </testcase>
  <testcase time="0" classname="discuss.factories.SuperFactoryTest" name="testCreate"/>
  <testcase time="0.001" classname="discuss.factories.SuperFactoryTest" name="testUpdate"/>
  <testcase time="0.002" classname="discuss.repositories.BucketCrudTest" name="read">
    <skipped/>
  </testcase>
  <testcase time="0.002" classname="discuss.repositories.CustomerCrudTest" name="read">
    <skipped/>
  </testcase>
  <testcase time="0.002" classname="discuss.repositories.HarvestCrudTest" name="read">
    <skipped/>
  </testcase>
  <testcase time="0.003" classname="discuss.repositories.HiveCrudTest" name="read">
    <skipped/>
  </testcase>
  <testcase time="0.003" classname="discuss.repositories.LocationCrudTest" name="read">
    <skipped/>
  </testcase>
  <testcase time="0.003" classname="discuss.repositories.SalesCrudTest" name="read">
    <skipped/>
  </testcase>
  <testcase time="0.008" classname="discuss.repositories.SubLocationCrudTest" name="read">
    <skipped/>
  </testcase>
  <testcase time="0.008" classname="discuss.repositories.SuperCrudTest" name="read">
    <skipped/>
  </testcase>
  <testcase time="0.009" classname="discuss.repositories.BucketCrudTest" name="update">
    <skipped/>
  </testcase>
  <testcase time="0.009" classname="discuss.repositories.CustomerCrudTest" name="update">
    <skipped/>
  </testcase>
  <testcase time="0.009" classname="discuss.repositories.HarvestCrudTest" name="update">
    <skipped/>
  </testcase>
  <testcase time="0.009" classname="discuss.repositories.HiveCrudTest" name="update">
    <skipped/>
  </testcase>
  <testcase time="0.01" classname="discuss.repositories.LocationCrudTest" name="update">
    <skipped/>
  </testcase>
  <testcase time="0.01" classname="discuss.repositories.SalesCrudTest" name="update">
    <skipped/>
  </testcase>
  <testcase time="0.01" classname="discuss.repositories.SubLocationCrudTest" name="update">
    <skipped/>
  </testcase>
  <testcase time="0.01" classname="discuss.repositories.SuperCrudTest" name="update">
    <skipped/>
  </testcase>
  <testcase time="0.011" classname="discuss.repositories.BucketCrudTest" name="delete">
    <skipped/>
  </testcase>
  <testcase time="0.011" classname="discuss.repositories.CustomerCrudTest" name="delete">
    <skipped/>
  </testcase>
  <testcase time="0.011" classname="discuss.repositories.HarvestCrudTest" name="delete">
    <skipped/>
  </testcase>
  <testcase time="0.012" classname="discuss.repositories.HiveCrudTest" name="delete">
    <skipped/>
  </testcase>
  <testcase time="0.012" classname="discuss.repositories.LocationCrudTest" name="delete">
    <skipped/>
  </testcase>
  <testcase time="0.019" classname="discuss.repositories.SalesCrudTest" name="delete">
    <skipped/>
  </testcase>
  <testcase time="0.019" classname="discuss.repositories.SubLocationCrudTest" name="delete">
    <skipped/>
  </testcase>
  <testcase time="0.02" classname="discuss.repositories.SuperCrudTest" name="delete">
    <skipped/>
  </testcase>
  <testcase time="0" classname="discuss.AppTest" name="testApp on testApp"/>
</testsuite>